#
# A fatal error has been detected by the Java Runtime Environment:
#
#  EXCEPTION_ACCESS_VIOLATION (0xc0000005) at pc=0x00007fff2ec4439c, pid=23052, tid=23828
#
# JRE version: Java(TM) SE Runtime Environment (20.0.1+9) (build 20.0.1+9-29)
# Java VM: Java HotSpot(TM) 64-Bit Server VM (20.0.1+9-29, mixed mode, sharing, tiered, compressed oops, compressed class ptrs, g1 gc, windows-amd64)
# Problematic frame:
# C  [libGraphiti.dll+0x439c]
#
# No core dump will be written. Minidumps are not enabled by default on client versions of Windows
#
# If you would like to submit a bug report, please visit:
#   https://bugreport.java.com/bugreport/crash.jsp
# The crash happened outside the Java Virtual Machine in native code.
# See problematic frame for where to report the bug.
#

---------------  S U M M A R Y ------------

Command Line: -Djava.library.path=binding/jgraphiti binding.jgraphiti.Main

Host: 11th Gen Intel(R) Core(TM) i5-1135G7 @ 2.40GHz, 8 cores, 7G,  Windows 11 , 64 bit Build 26100 (10.0.26100.4768)
Time: Mon Aug  4 12:05:20 2025 Eastern Daylight Time elapsed time: 2.296934 seconds (0d 0h 0m 2s)

---------------  T H R E A D  ---------------

Current thread (0x0000023cde7d0190):  JavaThread "main" [_thread_in_native, id=23828, stack(0x000000bc50000000,0x000000bc50100000)]

Stack: [0x000000bc50000000,0x000000bc50100000],  sp=0x000000bc500ff240,  free space=1020k
Native frames: (J=compiled Java code, j=interpreted, Vv=VM code, C=native code)
C  [libGraphiti.dll+0x439c]

Java frames: (J=compiled Java code, j=interpreted, Vv=VM code)
j  binding.jgraphiti.Graphiti.getSoftwareVersion(J)V+0
j  binding.jgraphiti.Main.main([Ljava/lang/String;)V+31
v  ~StubRoutines::call_stub 0x0000023cef3810e7

siginfo: EXCEPTION_ACCESS_VIOLATION (0xc0000005), reading address 0x0000000000000000


Registers:
RAX=0x0000023cfd3e62b0, RBX=0x0000023cde58e053, RCX=0x0000000000000000, RDX=0x000000bc500ff320
RSP=0x000000bc500ff240, RBP=0x000000bc500ff320, RSI=0x0000000000000004, RDI=0x0000023cde58e090
R8 =0x7ffffffffffffffc, R9 =0x0000023cde58e0b0, R10=0x0000023cde58e3c0, R11=0x000000bc500ff0f0
R12=0x0000023cde58e070, R13=0x0000023cde58e054, R14=0x0000023cde58e092, R15=0x0000000000000001
RIP=0x00007fff2ec4439c, EFLAGS=0x0000000000010202


Register to memory mapping:

RIP=0x00007fff2ec4439c libGraphiti.dll
RAX=0x0000023cfd3e62b0 points into unknown readable memory: 0x0000000000000000 | 00 00 00 00 00 00 00 00
RBX=0x0000023cde58e053 points into unknown readable memory: de 3c 02 00 00
RCX=0x0 is NULL
RDX=0x000000bc500ff320 is pointing into the stack for thread: 0x0000023cde7d0190
RSP=0x000000bc500ff240 is pointing into the stack for thread: 0x0000023cde7d0190
RBP=0x000000bc500ff320 is pointing into the stack for thread: 0x0000023cde7d0190
RSI=0x0000000000000004 is an unknown value
RDI=0x0000023cde58e090 points into unknown readable memory: 0x0000023cde58e3c0 | c0 e3 58 de 3c 02 00 00
R8 =0x7ffffffffffffffc is an unknown value
R9 =0x0000023cde58e0b0 points into unknown readable memory: 0x0000023cde58e3c0 | c0 e3 58 de 3c 02 00 00
R10=0x0000023cde58e3c0 points into unknown readable memory: 0x0000023cde580150 | 50 01 58 de 3c 02 00 00
R11=0x000000bc500ff0f0 is pointing into the stack for thread: 0x0000023cde7d0190
R12=0x0000023cde58e070 points into unknown readable memory: 0x0000023cde58e3ff | ff e3 58 de 3c 02 00 00
R13=0x0000023cde58e054 points into unknown readable memory: 3c 02 00 00
R14=0x0000023cde58e092 points into unknown readable memory: 58 de 3c 02 00 00
R15=0x0000000000000001 is an unknown value


Top of Stack: (sp=0x000000bc500ff240)
0x000000bc500ff240:   00000000000007d0 000000bc500ff3d0
0x000000bc500ff250:   000000bc500ff310 00007ffec44207bc
0x000000bc500ff260:   0000023cfd3e62b0 0000000000000001
0x000000bc500ff270:   000000bc500ff28f 0000000000000001
0x000000bc500ff280:   0000023c804018c8 ff00000000000000
0x000000bc500ff290:   0000023cde58e070 0000023cde58e071
0x000000bc500ff2a0:   0000023cde58e071 0000000000000001
0x000000bc500ff2b0:   000000bc500ff830 0000023cfd3e62b0
0x000000bc500ff2c0:   000000bc500ff830 0000023cef39de8a
0x000000bc500ff2d0:   000000bc500ff3d8 0000000000000000
0x000000bc500ff2e0:   0000023c804018c8 000000bc500ff408
0x000000bc500ff2f0:   0000023cde7d0190 00007fff2ec452e5
0x000000bc500ff300:   0000023c804018c8 0000023cde7d0190
0x000000bc500ff310:   0000023cef39de8a 0000023cef3a1f6e
0x000000bc500ff320:   0000023cde58e050 0000023cde58e053
0x000000bc500ff330:   0000023cde58e054 0000023cef3a2815
0x000000bc500ff340:   0000023c804018c8 0000023cef3a20f3
0x000000bc500ff350:   0000023cef39de8a 0000023cef3a1dd9
0x000000bc500ff360:   0000023c804018c8 000000bc500ff830
0x000000bc500ff370:   0000023cef3a1d96 000000bc500ff378
0x000000bc500ff380:   0000023cef3a1d96 0000023cef3a1d96
0x000000bc500ff390:   000000bc500ff390 0000023c804018c8
0x000000bc500ff3a0:   000000bc500ff408 0000023c80402ad8
0x000000bc500ff3b0:   0000000000000000 000000008b21d728
0x000000bc500ff3c0:   0000023c804018c8 0000000000000000
0x000000bc500ff3d0:   000000bc500ff3f8 000000bc500ff458
0x000000bc500ff3e0:   0000023cef39de8a 0000000000000000
0x000000bc500ff3f0:   0000023cef39f897 0000023cfd3e62b0
0x000000bc500ff400:   0000000000000000 000000008b21e8b8
0x000000bc500ff410:   000000bc500ff410 0000023c804003af
0x000000bc500ff420:   000000bc500ff480 0000023c80400440
0x000000bc500ff430:   0000000000000000 000000008b21bb60 

Instructions: (pc=0x00007fff2ec4439c)
0x00007fff2ec4429c:   07 41 f6 c3 07 74 76 49 83 e3 f8 4d 01 da 4c 01
0x00007fff2ec442ac:   d9 0f b6 01 41 88 02 48 8d 41 01 48 39 c3 74 5d
0x00007fff2ec442bc:   0f b6 41 01 41 88 42 01 48 8d 41 02 48 39 c3 74
0x00007fff2ec442cc:   4c 0f b6 41 02 41 88 42 02 48 8d 41 03 48 39 c3
0x00007fff2ec442dc:   74 3b 0f b6 41 03 41 88 42 03 48 8d 41 04 48 39
0x00007fff2ec442ec:   c3 74 2a 0f b6 41 04 41 88 42 04 48 8d 41 05 48
0x00007fff2ec442fc:   39 c3 74 19 0f b6 41 05 41 88 42 05 48 8d 41 06
0x00007fff2ec4430c:   48 39 c3 74 08 0f b6 41 06 41 88 42 06 48 8d 0c
0x00007fff2ec4431c:   17 4d 89 f8 4c 89 e2 e8 d8 fe 00 00 4a 8d 1c 38
0x00007fff2ec4432c:   48 85 f6 0f 85 b0 01 00 00 4e 8d 34 2f 48 89 7d
0x00007fff2ec4433c:   00 48 89 5d 08 4c 89 75 10 4c 39 f3 0f 84 e1 00
0x00007fff2ec4434c:   00 00 48 39 fb 0f 84 89 00 00 00 0f b6 43 ff 48
0x00007fff2ec4435c:   89 fa 88 03 48 8b 4d 08 48 8d 41 01 48 89 45 08
0x00007fff2ec4436c:   48 8d 41 ff 49 89 c0 48 29 c2 49 29 f8 48 01 d1
0x00007fff2ec4437c:   49 83 f8 01 0f 8e 97 01 00 00 48 89 fa e8 7a fe
0x00007fff2ec4438c:   00 00 c6 07 1b 48 8b 44 24 20 48 89 ea 48 8b 08
0x00007fff2ec4439c:   48 8b 01 ff 50 20 4d 85 e4 74 21 48 8b 54 24 28
0x00007fff2ec443ac:   4c 89 e1 48 83 c4 78 5b 5e 5f 5d 41 5c 41 5d 41
0x00007fff2ec443bc:   5e 41 5f e9 14 ec 00 00 0f 1f 40 00 48 83 c4 78
0x00007fff2ec443cc:   5b 5e 5f 5d 41 5c 41 5d 41 5e 41 5f c3 0f 1f 80
0x00007fff2ec443dc:   00 00 00 00 c6 03 1b 48 83 45 08 01 eb a7 66 0f
0x00007fff2ec443ec:   1f 44 00 00 b9 02 00 00 00 e8 d6 eb 00 00 4c 8b
0x00007fff2ec443fc:   75 10 48 c7 44 24 28 02 00 00 00 49 89 c4 4c 8d
0x00007fff2ec4440c:   40 02 0f b7 05 03 91 01 00 66 41 89 04 24 4d 39
0x00007fff2ec4441c:   e0 0f 85 a2 fd ff ff 48 89 f7 4c 39 f3 0f 85 1f
0x00007fff2ec4442c:   ff ff ff 48 b8 ff ff ff ff ff ff ff 7f 48 29 fb
0x00007fff2ec4443c:   48 39 c3 0f 84 5d 01 00 00 48 85 db be 01 00 00
0x00007fff2ec4444c:   00 48 b8 ff ff ff ff ff ff ff 7f 48 0f 45 f3 48
0x00007fff2ec4445c:   01 de 48 39 c6 48 0f 47 f0 48 89 f1 e8 63 eb 00
0x00007fff2ec4446c:   00 c6 00 1b 49 89 c5 48 8d 48 01 48 85 db 74 0e
0x00007fff2ec4447c:   49 89 d8 48 89 fa e8 79 fd 00 00 48 89 c1 48 01
0x00007fff2ec4448c:   cb 48 85 ff 74 0e 4c 89 f2 48 89 f9 48 29 fa e8 


Stack slot to memory mapping:
stack at sp + 0 slots: 0x00000000000007d0 is an unknown value
stack at sp + 1 slots: 0x000000bc500ff3d0 is pointing into the stack for thread: 0x0000023cde7d0190
stack at sp + 2 slots: 0x000000bc500ff310 is pointing into the stack for thread: 0x0000023cde7d0190
stack at sp + 3 slots: 0x00007ffec44207bc jvm.dll
stack at sp + 4 slots: 0x0000023cfd3e62b0 points into unknown readable memory: 0x0000000000000000 | 00 00 00 00 00 00 00 00
stack at sp + 5 slots: 0x0000000000000001 is an unknown value
stack at sp + 6 slots: 0x000000bc500ff28f is pointing into the stack for thread: 0x0000023cde7d0190
stack at sp + 7 slots: 0x0000000000000001 is an unknown value


---------------  P R O C E S S  ---------------

Threads class SMR info:
_java_thread_list=0x0000023cfd103a70, length=11, elements={
0x0000023cde7d0190, 0x0000023cfce6ba90, 0x0000023cfce6d5e0, 0x0000023cfce72cf0,
0x0000023cfce76880, 0x0000023cfce771c0, 0x0000023cfce78c20, 0x0000023cfce7e6a0,
0x0000023cfcea2fa0, 0x0000023cfd0f2cb0, 0x0000023cfd10ee00
}

Java Threads: ( => current thread )
=>0x0000023cde7d0190 JavaThread "main" [_thread_in_native, id=23828, stack(0x000000bc50000000,0x000000bc50100000)]
  0x0000023cfce6ba90 JavaThread "Reference Handler" daemon [_thread_blocked, id=17700, stack(0x000000bc50700000,0x000000bc50800000)]
  0x0000023cfce6d5e0 JavaThread "Finalizer" daemon [_thread_blocked, id=9580, stack(0x000000bc50800000,0x000000bc50900000)]
  0x0000023cfce72cf0 JavaThread "Signal Dispatcher" daemon [_thread_blocked, id=20576, stack(0x000000bc50900000,0x000000bc50a00000)]
  0x0000023cfce76880 JavaThread "Attach Listener" daemon [_thread_blocked, id=17364, stack(0x000000bc50a00000,0x000000bc50b00000)]
  0x0000023cfce771c0 JavaThread "Service Thread" daemon [_thread_blocked, id=27176, stack(0x000000bc50b00000,0x000000bc50c00000)]
  0x0000023cfce78c20 JavaThread "Monitor Deflation Thread" daemon [_thread_blocked, id=23148, stack(0x000000bc50c00000,0x000000bc50d00000)]
  0x0000023cfce7e6a0 JavaThread "C2 CompilerThread0" daemon [_thread_blocked, id=20968, stack(0x000000bc50d00000,0x000000bc50e00000)]
  0x0000023cfcea2fa0 JavaThread "C1 CompilerThread0" daemon [_thread_blocked, id=27628, stack(0x000000bc50e00000,0x000000bc50f00000)]
  0x0000023cfd0f2cb0 JavaThread "Notification Thread" daemon [_thread_blocked, id=21112, stack(0x000000bc50f00000,0x000000bc51000000)]
  0x0000023cfd10ee00 JavaThread "Common-Cleaner" daemon [_thread_blocked, id=20976, stack(0x000000bc51100000,0x000000bc51200000)]

Other Threads:
  0x0000023cfce4d0b0 VMThread "VM Thread" [stack: 0x000000bc50600000,0x000000bc50700000] [id=18612]
  0x0000023cfd0f8520 WatcherThread "VM Periodic Task Thread" [stack: 0x000000bc51000000,0x000000bc51100000] [id=6948]
  0x0000023cde82f420 WorkerThread "GC Thread#0" [stack: 0x000000bc50100000,0x000000bc50200000] [id=18696]
  0x0000023cde83fc70 ConcurrentGCThread "G1 Main Marker" [stack: 0x000000bc50200000,0x000000bc50300000] [id=18096]
  0x0000023cde841510 WorkerThread "G1 Conc#0" [stack: 0x000000bc50300000,0x000000bc50400000] [id=15148]
  0x0000023cfcd0a510 ConcurrentGCThread "G1 Refine#0" [stack: 0x000000bc50400000,0x000000bc50500000] [id=14544]
  0x0000023cfcd0bc70 ConcurrentGCThread "G1 Service" [stack: 0x000000bc50500000,0x000000bc50600000] [id=7296]

Threads with active compile tasks:

VM state: not at safepoint (normal execution)

VM Mutex/Monitor currently owned by a thread: None

Heap address: 0x0000000083600000, size: 1994 MB, Compressed Oops mode: 32-bit

CDS archive(s) mapped at: [0x0000000800000000-0x0000000800c60000-0x0000000800c60000), size 12976128, SharedBaseAddress: 0x0000000800000000, ArchiveRelocationMode: 0.
Compressed class space mapped at: 0x0000000801000000-0x0000000841000000, reserved size: 1073741824
Narrow klass base: 0x0000000800000000, Narrow klass shift: 0, Narrow klass range: 0x100000000

GC Precious Log:
 CardTable entry size: 512
 Card Set container configuration: InlinePtr #cards 5 size 8 Array Of Cards #cards 12 size 40 Howl #buckets 4 coarsen threshold 1843 Howl Bitmap #cards 512 size 80 coarsen threshold 460 Card regions per heap region 1 cards per card region 2048
 CPUs: 8 total, 8 available
 Memory: 7975M
 Large Page Support: Disabled
 NUMA Support: Disabled
 Compressed Oops: Enabled (32-bit)
 Heap Region Size: 1M
 Heap Min Capacity: 8M
 Heap Initial Capacity: 126M
 Heap Max Capacity: 1994M
 Pre-touch: Disabled
 Parallel Workers: 8
 Concurrent Workers: 2
 Concurrent Refinement Workers: 8
 Periodic GC: Disabled

Heap:
 garbage-first heap   total 129024K, used 1024K [0x0000000083600000, 0x0000000100000000)
  region size 1024K, 2 young (2048K), 0 survivors (0K)
 Metaspace       used 155K, committed 384K, reserved 1114112K
  class space    used 6K, committed 128K, reserved 1048576K

Heap Regions: E=young(eden), S=young(survivor), O=old, HS=humongous(starts), HC=humongous(continues), CS=collection set, F=free, OA=open archive, CA=closed archive, TAMS=top-at-mark-start, PB=parsable bottom
|   0|0x0000000083600000, 0x0000000083600000, 0x0000000083700000|  0%| F|  |TAMS 0x0000000083600000| PB 0x0000000083600000| Untracked 
|   1|0x0000000083700000, 0x0000000083700000, 0x0000000083800000|  0%| F|  |TAMS 0x0000000083700000| PB 0x0000000083700000| Untracked 
|   2|0x0000000083800000, 0x0000000083800000, 0x0000000083900000|  0%| F|  |TAMS 0x0000000083800000| PB 0x0000000083800000| Untracked 
|   3|0x0000000083900000, 0x0000000083900000, 0x0000000083a00000|  0%| F|  |TAMS 0x0000000083900000| PB 0x0000000083900000| Untracked 
|   4|0x0000000083a00000, 0x0000000083a00000, 0x0000000083b00000|  0%| F|  |TAMS 0x0000000083a00000| PB 0x0000000083a00000| Untracked 
|   5|0x0000000083b00000, 0x0000000083b00000, 0x0000000083c00000|  0%| F|  |TAMS 0x0000000083b00000| PB 0x0000000083b00000| Untracked 
|   6|0x0000000083c00000, 0x0000000083c00000, 0x0000000083d00000|  0%| F|  |TAMS 0x0000000083c00000| PB 0x0000000083c00000| Untracked 
|   7|0x0000000083d00000, 0x0000000083d00000, 0x0000000083e00000|  0%| F|  |TAMS 0x0000000083d00000| PB 0x0000000083d00000| Untracked 
|   8|0x0000000083e00000, 0x0000000083e00000, 0x0000000083f00000|  0%| F|  |TAMS 0x0000000083e00000| PB 0x0000000083e00000| Untracked 
|   9|0x0000000083f00000, 0x0000000083f00000, 0x0000000084000000|  0%| F|  |TAMS 0x0000000083f00000| PB 0x0000000083f00000| Untracked 
|  10|0x0000000084000000, 0x0000000084000000, 0x0000000084100000|  0%| F|  |TAMS 0x0000000084000000| PB 0x0000000084000000| Untracked 
|  11|0x0000000084100000, 0x0000000084100000, 0x0000000084200000|  0%| F|  |TAMS 0x0000000084100000| PB 0x0000000084100000| Untracked 
|  12|0x0000000084200000, 0x0000000084200000, 0x0000000084300000|  0%| F|  |TAMS 0x0000000084200000| PB 0x0000000084200000| Untracked 
|  13|0x0000000084300000, 0x0000000084300000, 0x0000000084400000|  0%| F|  |TAMS 0x0000000084300000| PB 0x0000000084300000| Untracked 
|  14|0x0000000084400000, 0x0000000084400000, 0x0000000084500000|  0%| F|  |TAMS 0x0000000084400000| PB 0x0000000084400000| Untracked 
|  15|0x0000000084500000, 0x0000000084500000, 0x0000000084600000|  0%| F|  |TAMS 0x0000000084500000| PB 0x0000000084500000| Untracked 
|  16|0x0000000084600000, 0x0000000084600000, 0x0000000084700000|  0%| F|  |TAMS 0x0000000084600000| PB 0x0000000084600000| Untracked 
|  17|0x0000000084700000, 0x0000000084700000, 0x0000000084800000|  0%| F|  |TAMS 0x0000000084700000| PB 0x0000000084700000| Untracked 
|  18|0x0000000084800000, 0x0000000084800000, 0x0000000084900000|  0%| F|  |TAMS 0x0000000084800000| PB 0x0000000084800000| Untracked 
|  19|0x0000000084900000, 0x0000000084900000, 0x0000000084a00000|  0%| F|  |TAMS 0x0000000084900000| PB 0x0000000084900000| Untracked 
|  20|0x0000000084a00000, 0x0000000084a00000, 0x0000000084b00000|  0%| F|  |TAMS 0x0000000084a00000| PB 0x0000000084a00000| Untracked 
|  21|0x0000000084b00000, 0x0000000084b00000, 0x0000000084c00000|  0%| F|  |TAMS 0x0000000084b00000| PB 0x0000000084b00000| Untracked 
|  22|0x0000000084c00000, 0x0000000084c00000, 0x0000000084d00000|  0%| F|  |TAMS 0x0000000084c00000| PB 0x0000000084c00000| Untracked 
|  23|0x0000000084d00000, 0x0000000084d00000, 0x0000000084e00000|  0%| F|  |TAMS 0x0000000084d00000| PB 0x0000000084d00000| Untracked 
|  24|0x0000000084e00000, 0x0000000084e00000, 0x0000000084f00000|  0%| F|  |TAMS 0x0000000084e00000| PB 0x0000000084e00000| Untracked 
|  25|0x0000000084f00000, 0x0000000084f00000, 0x0000000085000000|  0%| F|  |TAMS 0x0000000084f00000| PB 0x0000000084f00000| Untracked 
|  26|0x0000000085000000, 0x0000000085000000, 0x0000000085100000|  0%| F|  |TAMS 0x0000000085000000| PB 0x0000000085000000| Untracked 
|  27|0x0000000085100000, 0x0000000085100000, 0x0000000085200000|  0%| F|  |TAMS 0x0000000085100000| PB 0x0000000085100000| Untracked 
|  28|0x0000000085200000, 0x0000000085200000, 0x0000000085300000|  0%| F|  |TAMS 0x0000000085200000| PB 0x0000000085200000| Untracked 
|  29|0x0000000085300000, 0x0000000085300000, 0x0000000085400000|  0%| F|  |TAMS 0x0000000085300000| PB 0x0000000085300000| Untracked 
|  30|0x0000000085400000, 0x0000000085400000, 0x0000000085500000|  0%| F|  |TAMS 0x0000000085400000| PB 0x0000000085400000| Untracked 
|  31|0x0000000085500000, 0x0000000085500000, 0x0000000085600000|  0%| F|  |TAMS 0x0000000085500000| PB 0x0000000085500000| Untracked 
|  32|0x0000000085600000, 0x0000000085600000, 0x0000000085700000|  0%| F|  |TAMS 0x0000000085600000| PB 0x0000000085600000| Untracked 
|  33|0x0000000085700000, 0x0000000085700000, 0x0000000085800000|  0%| F|  |TAMS 0x0000000085700000| PB 0x0000000085700000| Untracked 
|  34|0x0000000085800000, 0x0000000085800000, 0x0000000085900000|  0%| F|  |TAMS 0x0000000085800000| PB 0x0000000085800000| Untracked 
|  35|0x0000000085900000, 0x0000000085900000, 0x0000000085a00000|  0%| F|  |TAMS 0x0000000085900000| PB 0x0000000085900000| Untracked 
|  36|0x0000000085a00000, 0x0000000085a00000, 0x0000000085b00000|  0%| F|  |TAMS 0x0000000085a00000| PB 0x0000000085a00000| Untracked 
|  37|0x0000000085b00000, 0x0000000085b00000, 0x0000000085c00000|  0%| F|  |TAMS 0x0000000085b00000| PB 0x0000000085b00000| Untracked 
|  38|0x0000000085c00000, 0x0000000085c00000, 0x0000000085d00000|  0%| F|  |TAMS 0x0000000085c00000| PB 0x0000000085c00000| Untracked 
|  39|0x0000000085d00000, 0x0000000085d00000, 0x0000000085e00000|  0%| F|  |TAMS 0x0000000085d00000| PB 0x0000000085d00000| Untracked 
|  40|0x0000000085e00000, 0x0000000085e00000, 0x0000000085f00000|  0%| F|  |TAMS 0x0000000085e00000| PB 0x0000000085e00000| Untracked 
|  41|0x0000000085f00000, 0x0000000085f00000, 0x0000000086000000|  0%| F|  |TAMS 0x0000000085f00000| PB 0x0000000085f00000| Untracked 
|  42|0x0000000086000000, 0x0000000086000000, 0x0000000086100000|  0%| F|  |TAMS 0x0000000086000000| PB 0x0000000086000000| Untracked 
|  43|0x0000000086100000, 0x0000000086100000, 0x0000000086200000|  0%| F|  |TAMS 0x0000000086100000| PB 0x0000000086100000| Untracked 
|  44|0x0000000086200000, 0x0000000086200000, 0x0000000086300000|  0%| F|  |TAMS 0x0000000086200000| PB 0x0000000086200000| Untracked 
|  45|0x0000000086300000, 0x0000000086300000, 0x0000000086400000|  0%| F|  |TAMS 0x0000000086300000| PB 0x0000000086300000| Untracked 
|  46|0x0000000086400000, 0x0000000086400000, 0x0000000086500000|  0%| F|  |TAMS 0x0000000086400000| PB 0x0000000086400000| Untracked 
|  47|0x0000000086500000, 0x0000000086500000, 0x0000000086600000|  0%| F|  |TAMS 0x0000000086500000| PB 0x0000000086500000| Untracked 
|  48|0x0000000086600000, 0x0000000086600000, 0x0000000086700000|  0%| F|  |TAMS 0x0000000086600000| PB 0x0000000086600000| Untracked 
|  49|0x0000000086700000, 0x0000000086700000, 0x0000000086800000|  0%| F|  |TAMS 0x0000000086700000| PB 0x0000000086700000| Untracked 
|  50|0x0000000086800000, 0x0000000086800000, 0x0000000086900000|  0%| F|  |TAMS 0x0000000086800000| PB 0x0000000086800000| Untracked 
|  51|0x0000000086900000, 0x0000000086900000, 0x0000000086a00000|  0%| F|  |TAMS 0x0000000086900000| PB 0x0000000086900000| Untracked 
|  52|0x0000000086a00000, 0x0000000086a00000, 0x0000000086b00000|  0%| F|  |TAMS 0x0000000086a00000| PB 0x0000000086a00000| Untracked 
|  53|0x0000000086b00000, 0x0000000086b00000, 0x0000000086c00000|  0%| F|  |TAMS 0x0000000086b00000| PB 0x0000000086b00000| Untracked 
|  54|0x0000000086c00000, 0x0000000086c00000, 0x0000000086d00000|  0%| F|  |TAMS 0x0000000086c00000| PB 0x0000000086c00000| Untracked 
|  55|0x0000000086d00000, 0x0000000086d00000, 0x0000000086e00000|  0%| F|  |TAMS 0x0000000086d00000| PB 0x0000000086d00000| Untracked 
|  56|0x0000000086e00000, 0x0000000086e00000, 0x0000000086f00000|  0%| F|  |TAMS 0x0000000086e00000| PB 0x0000000086e00000| Untracked 
|  57|0x0000000086f00000, 0x0000000086f00000, 0x0000000087000000|  0%| F|  |TAMS 0x0000000086f00000| PB 0x0000000086f00000| Untracked 
|  58|0x0000000087000000, 0x0000000087000000, 0x0000000087100000|  0%| F|  |TAMS 0x0000000087000000| PB 0x0000000087000000| Untracked 
|  59|0x0000000087100000, 0x0000000087100000, 0x0000000087200000|  0%| F|  |TAMS 0x0000000087100000| PB 0x0000000087100000| Untracked 
|  60|0x0000000087200000, 0x0000000087200000, 0x0000000087300000|  0%| F|  |TAMS 0x0000000087200000| PB 0x0000000087200000| Untracked 
|  61|0x0000000087300000, 0x0000000087300000, 0x0000000087400000|  0%| F|  |TAMS 0x0000000087300000| PB 0x0000000087300000| Untracked 
|  62|0x0000000087400000, 0x0000000087400000, 0x0000000087500000|  0%| F|  |TAMS 0x0000000087400000| PB 0x0000000087400000| Untracked 
|  63|0x0000000087500000, 0x0000000087500000, 0x0000000087600000|  0%| F|  |TAMS 0x0000000087500000| PB 0x0000000087500000| Untracked 
|  64|0x0000000087600000, 0x0000000087600000, 0x0000000087700000|  0%| F|  |TAMS 0x0000000087600000| PB 0x0000000087600000| Untracked 
|  65|0x0000000087700000, 0x0000000087700000, 0x0000000087800000|  0%| F|  |TAMS 0x0000000087700000| PB 0x0000000087700000| Untracked 
|  66|0x0000000087800000, 0x0000000087800000, 0x0000000087900000|  0%| F|  |TAMS 0x0000000087800000| PB 0x0000000087800000| Untracked 
|  67|0x0000000087900000, 0x0000000087900000, 0x0000000087a00000|  0%| F|  |TAMS 0x0000000087900000| PB 0x0000000087900000| Untracked 
|  68|0x0000000087a00000, 0x0000000087a00000, 0x0000000087b00000|  0%| F|  |TAMS 0x0000000087a00000| PB 0x0000000087a00000| Untracked 
|  69|0x0000000087b00000, 0x0000000087b00000, 0x0000000087c00000|  0%| F|  |TAMS 0x0000000087b00000| PB 0x0000000087b00000| Untracked 
|  70|0x0000000087c00000, 0x0000000087c00000, 0x0000000087d00000|  0%| F|  |TAMS 0x0000000087c00000| PB 0x0000000087c00000| Untracked 
|  71|0x0000000087d00000, 0x0000000087d00000, 0x0000000087e00000|  0%| F|  |TAMS 0x0000000087d00000| PB 0x0000000087d00000| Untracked 
|  72|0x0000000087e00000, 0x0000000087e00000, 0x0000000087f00000|  0%| F|  |TAMS 0x0000000087e00000| PB 0x0000000087e00000| Untracked 
|  73|0x0000000087f00000, 0x0000000087f00000, 0x0000000088000000|  0%| F|  |TAMS 0x0000000087f00000| PB 0x0000000087f00000| Untracked 
|  74|0x0000000088000000, 0x0000000088000000, 0x0000000088100000|  0%| F|  |TAMS 0x0000000088000000| PB 0x0000000088000000| Untracked 
|  75|0x0000000088100000, 0x0000000088100000, 0x0000000088200000|  0%| F|  |TAMS 0x0000000088100000| PB 0x0000000088100000| Untracked 
|  76|0x0000000088200000, 0x0000000088200000, 0x0000000088300000|  0%| F|  |TAMS 0x0000000088200000| PB 0x0000000088200000| Untracked 
|  77|0x0000000088300000, 0x0000000088300000, 0x0000000088400000|  0%| F|  |TAMS 0x0000000088300000| PB 0x0000000088300000| Untracked 
|  78|0x0000000088400000, 0x0000000088400000, 0x0000000088500000|  0%| F|  |TAMS 0x0000000088400000| PB 0x0000000088400000| Untracked 
|  79|0x0000000088500000, 0x0000000088500000, 0x0000000088600000|  0%| F|  |TAMS 0x0000000088500000| PB 0x0000000088500000| Untracked 
|  80|0x0000000088600000, 0x0000000088600000, 0x0000000088700000|  0%| F|  |TAMS 0x0000000088600000| PB 0x0000000088600000| Untracked 
|  81|0x0000000088700000, 0x0000000088700000, 0x0000000088800000|  0%| F|  |TAMS 0x0000000088700000| PB 0x0000000088700000| Untracked 
|  82|0x0000000088800000, 0x0000000088800000, 0x0000000088900000|  0%| F|  |TAMS 0x0000000088800000| PB 0x0000000088800000| Untracked 
|  83|0x0000000088900000, 0x0000000088900000, 0x0000000088a00000|  0%| F|  |TAMS 0x0000000088900000| PB 0x0000000088900000| Untracked 
|  84|0x0000000088a00000, 0x0000000088a00000, 0x0000000088b00000|  0%| F|  |TAMS 0x0000000088a00000| PB 0x0000000088a00000| Untracked 
|  85|0x0000000088b00000, 0x0000000088b00000, 0x0000000088c00000|  0%| F|  |TAMS 0x0000000088b00000| PB 0x0000000088b00000| Untracked 
|  86|0x0000000088c00000, 0x0000000088c00000, 0x0000000088d00000|  0%| F|  |TAMS 0x0000000088c00000| PB 0x0000000088c00000| Untracked 
|  87|0x0000000088d00000, 0x0000000088d00000, 0x0000000088e00000|  0%| F|  |TAMS 0x0000000088d00000| PB 0x0000000088d00000| Untracked 
|  88|0x0000000088e00000, 0x0000000088e00000, 0x0000000088f00000|  0%| F|  |TAMS 0x0000000088e00000| PB 0x0000000088e00000| Untracked 
|  89|0x0000000088f00000, 0x0000000088f00000, 0x0000000089000000|  0%| F|  |TAMS 0x0000000088f00000| PB 0x0000000088f00000| Untracked 
|  90|0x0000000089000000, 0x0000000089000000, 0x0000000089100000|  0%| F|  |TAMS 0x0000000089000000| PB 0x0000000089000000| Untracked 
|  91|0x0000000089100000, 0x0000000089100000, 0x0000000089200000|  0%| F|  |TAMS 0x0000000089100000| PB 0x0000000089100000| Untracked 
|  92|0x0000000089200000, 0x0000000089200000, 0x0000000089300000|  0%| F|  |TAMS 0x0000000089200000| PB 0x0000000089200000| Untracked 
|  93|0x0000000089300000, 0x0000000089300000, 0x0000000089400000|  0%| F|  |TAMS 0x0000000089300000| PB 0x0000000089300000| Untracked 
|  94|0x0000000089400000, 0x0000000089400000, 0x0000000089500000|  0%| F|  |TAMS 0x0000000089400000| PB 0x0000000089400000| Untracked 
|  95|0x0000000089500000, 0x0000000089500000, 0x0000000089600000|  0%| F|  |TAMS 0x0000000089500000| PB 0x0000000089500000| Untracked 
|  96|0x0000000089600000, 0x0000000089600000, 0x0000000089700000|  0%| F|  |TAMS 0x0000000089600000| PB 0x0000000089600000| Untracked 
|  97|0x0000000089700000, 0x0000000089700000, 0x0000000089800000|  0%| F|  |TAMS 0x0000000089700000| PB 0x0000000089700000| Untracked 
|  98|0x0000000089800000, 0x0000000089800000, 0x0000000089900000|  0%| F|  |TAMS 0x0000000089800000| PB 0x0000000089800000| Untracked 
|  99|0x0000000089900000, 0x0000000089900000, 0x0000000089a00000|  0%| F|  |TAMS 0x0000000089900000| PB 0x0000000089900000| Untracked 
| 100|0x0000000089a00000, 0x0000000089a00000, 0x0000000089b00000|  0%| F|  |TAMS 0x0000000089a00000| PB 0x0000000089a00000| Untracked 
| 101|0x0000000089b00000, 0x0000000089b00000, 0x0000000089c00000|  0%| F|  |TAMS 0x0000000089b00000| PB 0x0000000089b00000| Untracked 
| 102|0x0000000089c00000, 0x0000000089c00000, 0x0000000089d00000|  0%| F|  |TAMS 0x0000000089c00000| PB 0x0000000089c00000| Untracked 
| 103|0x0000000089d00000, 0x0000000089d00000, 0x0000000089e00000|  0%| F|  |TAMS 0x0000000089d00000| PB 0x0000000089d00000| Untracked 
| 104|0x0000000089e00000, 0x0000000089e00000, 0x0000000089f00000|  0%| F|  |TAMS 0x0000000089e00000| PB 0x0000000089e00000| Untracked 
| 105|0x0000000089f00000, 0x0000000089f00000, 0x000000008a000000|  0%| F|  |TAMS 0x0000000089f00000| PB 0x0000000089f00000| Untracked 
| 106|0x000000008a000000, 0x000000008a000000, 0x000000008a100000|  0%| F|  |TAMS 0x000000008a000000| PB 0x000000008a000000| Untracked 
| 107|0x000000008a100000, 0x000000008a100000, 0x000000008a200000|  0%| F|  |TAMS 0x000000008a100000| PB 0x000000008a100000| Untracked 
| 108|0x000000008a200000, 0x000000008a200000, 0x000000008a300000|  0%| F|  |TAMS 0x000000008a200000| PB 0x000000008a200000| Untracked 
| 109|0x000000008a300000, 0x000000008a300000, 0x000000008a400000|  0%| F|  |TAMS 0x000000008a300000| PB 0x000000008a300000| Untracked 
| 110|0x000000008a400000, 0x000000008a400000, 0x000000008a500000|  0%| F|  |TAMS 0x000000008a400000| PB 0x000000008a400000| Untracked 
| 111|0x000000008a500000, 0x000000008a500000, 0x000000008a600000|  0%| F|  |TAMS 0x000000008a500000| PB 0x000000008a500000| Untracked 
| 112|0x000000008a600000, 0x000000008a600000, 0x000000008a700000|  0%| F|  |TAMS 0x000000008a600000| PB 0x000000008a600000| Untracked 
| 113|0x000000008a700000, 0x000000008a700000, 0x000000008a800000|  0%| F|  |TAMS 0x000000008a700000| PB 0x000000008a700000| Untracked 
| 114|0x000000008a800000, 0x000000008a800000, 0x000000008a900000|  0%| F|  |TAMS 0x000000008a800000| PB 0x000000008a800000| Untracked 
| 115|0x000000008a900000, 0x000000008a900000, 0x000000008aa00000|  0%| F|  |TAMS 0x000000008a900000| PB 0x000000008a900000| Untracked 
| 116|0x000000008aa00000, 0x000000008aa00000, 0x000000008ab00000|  0%| F|  |TAMS 0x000000008aa00000| PB 0x000000008aa00000| Untracked 
| 117|0x000000008ab00000, 0x000000008ab00000, 0x000000008ac00000|  0%| F|  |TAMS 0x000000008ab00000| PB 0x000000008ab00000| Untracked 
| 118|0x000000008ac00000, 0x000000008ac00000, 0x000000008ad00000|  0%| F|  |TAMS 0x000000008ac00000| PB 0x000000008ac00000| Untracked 
| 119|0x000000008ad00000, 0x000000008ad00000, 0x000000008ae00000|  0%| F|  |TAMS 0x000000008ad00000| PB 0x000000008ad00000| Untracked 
| 120|0x000000008ae00000, 0x000000008ae00000, 0x000000008af00000|  0%| F|  |TAMS 0x000000008ae00000| PB 0x000000008ae00000| Untracked 
| 121|0x000000008af00000, 0x000000008af00000, 0x000000008b000000|  0%| F|  |TAMS 0x000000008af00000| PB 0x000000008af00000| Untracked 
| 122|0x000000008b000000, 0x000000008b000000, 0x000000008b100000|  0%| F|  |TAMS 0x000000008b000000| PB 0x000000008b000000| Untracked 
| 123|0x000000008b100000, 0x000000008b100000, 0x000000008b200000|  0%| F|  |TAMS 0x000000008b100000| PB 0x000000008b100000| Untracked 
| 124|0x000000008b200000, 0x000000008b2ec130, 0x000000008b300000| 92%| E|  |TAMS 0x000000008b200000| PB 0x000000008b200000| Complete 
| 125|0x000000008b300000, 0x000000008b400000, 0x000000008b400000|100%| E|CS|TAMS 0x000000008b300000| PB 0x000000008b300000| Complete 

Card table byte_map: [0x0000023cf7ca0000,0x0000023cf8090000] _byte_map_base: 0x0000023cf7885000

Marking Bits: (CMBitMap*) 0x0000023cde82fa50
 Bits: [0x0000023cf8480000, 0x0000023cfa3a8000)

Polling page: 0x0000023cde560000

Metaspace:

Usage:
  Non-class:    148.64 KB used.
      Class:      6.61 KB used.
       Both:    155.25 KB used.

Virtual space:
  Non-class space:       64.00 MB reserved,     256.00 KB ( <1%) committed,  1 nodes.
      Class space:        1.00 GB reserved,     128.00 KB ( <1%) committed,  1 nodes.
             Both:        1.06 GB reserved,     384.00 KB ( <1%) committed. 

Chunk freelists:
   Non-Class:  3.99 MB
       Class:  3.75 MB
        Both:  7.74 MB

MaxMetaspaceSize: unlimited
CompressedClassSpaceSize: 1.00 GB
Initial GC threshold: 21.00 MB
Current GC threshold: 21.00 MB
CDS: on
MetaspaceReclaimPolicy: balanced
 - commit_granule_bytes: 65536.
 - commit_granule_words: 8192.
 - virtual_space_node_default_size: 8388608.
 - enlarge_chunks_in_place: 1.
 - new_chunks_are_fully_committed: 0.
 - uncommit_free_chunks: 1.
 - use_allocation_guard: 0.


Internal statistics:

num_allocs_failed_limit: 0.
num_arena_births: 4.
num_arena_deaths: 0.
num_vsnodes_births: 2.
num_vsnodes_deaths: 0.
num_space_committed: 6.
num_space_uncommitted: 0.
num_chunks_returned_to_freelist: 0.
num_chunks_taken_from_freelist: 6.
num_chunk_merges: 0.
num_chunk_splits: 3.
num_chunks_enlarged: 1.
num_inconsistent_stats: 0.

CodeHeap 'non-profiled nmethods': size=120000Kb used=15Kb max_used=15Kb free=119984Kb
 bounds [0x0000023cef920000, 0x0000023cefb90000, 0x0000023cf6e50000]
CodeHeap 'profiled nmethods': size=120000Kb used=69Kb max_used=69Kb free=119930Kb
 bounds [0x0000023ce7e50000, 0x0000023ce80c0000, 0x0000023cef380000]
CodeHeap 'non-nmethods': size=5760Kb used=1304Kb max_used=1318Kb free=4455Kb
 bounds [0x0000023cef380000, 0x0000023cef5f0000, 0x0000023cef920000]
 total_blobs=367 nmethods=62 adapters=216
 compilation: enabled
              stopped_count=0, restarted_count=0
 full_count=0

Compilation events (20 events):
Event: 0.034 Thread 0x0000023cfcea2fa0   52       1       java.util.ImmutableCollections$Set12::isEmpty (2 bytes)
Event: 0.034 Thread 0x0000023cfcea2fa0 nmethod 52 0x0000023cef923190 code [0x0000023cef923300, 0x0000023cef9233c8]
Event: 0.035 Thread 0x0000023cfcea2fa0   53       3       java.lang.StringUTF16::getChar (60 bytes)
Event: 0.035 Thread 0x0000023cfcea2fa0 nmethod 53 0x0000023ce7e5f710 code [0x0000023ce7e5f8a0, 0x0000023ce7e5fa10]
Event: 0.035 Thread 0x0000023cfcea2fa0   54       3       java.lang.AbstractStringBuilder::ensureCapacityInternal (39 bytes)
Event: 0.035 Thread 0x0000023cfcea2fa0 nmethod 54 0x0000023ce7e5fb10 code [0x0000023ce7e5fcc0, 0x0000023ce7e5fee8]
Event: 0.035 Thread 0x0000023cfcea2fa0   55       3       java.lang.AbstractStringBuilder::isLatin1 (19 bytes)
Event: 0.036 Thread 0x0000023cfcea2fa0 nmethod 55 0x0000023ce7e60010 code [0x0000023ce7e601a0, 0x0000023ce7e60320]
Event: 0.036 Thread 0x0000023cfcea2fa0   56       3       java.lang.StringLatin1::canEncode (13 bytes)
Event: 0.036 Thread 0x0000023cfcea2fa0 nmethod 56 0x0000023ce7e60390 code [0x0000023ce7e60520, 0x0000023ce7e60670]
Event: 0.036 Thread 0x0000023cfcea2fa0   57       3       java.lang.String::length (11 bytes)
Event: 0.036 Thread 0x0000023cfcea2fa0 nmethod 57 0x0000023ce7e60710 code [0x0000023ce7e608a0, 0x0000023ce7e60a40]
Event: 0.036 Thread 0x0000023cfcea2fa0   58       3       java.lang.String::isEmpty (14 bytes)
Event: 0.036 Thread 0x0000023cfcea2fa0 nmethod 58 0x0000023ce7e60b10 code [0x0000023ce7e60ca0, 0x0000023ce7e60e18]
Event: 0.037 Thread 0x0000023cfce7e6a0   60       4       java.lang.StringLatin1::hashCode (42 bytes)
Event: 0.038 Thread 0x0000023cfcea2fa0   61       3       java.lang.Math::min (11 bytes)
Event: 0.038 Thread 0x0000023cfcea2fa0 nmethod 61 0x0000023ce7e60f10 code [0x0000023ce7e610a0, 0x0000023ce7e611e0]
Event: 0.038 Thread 0x0000023cfcea2fa0   62       3       java.lang.StringLatin1::indexOfChar (33 bytes)
Event: 0.038 Thread 0x0000023cfcea2fa0 nmethod 62 0x0000023ce7e61290 code [0x0000023ce7e61420, 0x0000023ce7e61658]
Event: 0.039 Thread 0x0000023cfce7e6a0 nmethod 60 0x0000023cef923890 code [0x0000023cef923a00, 0x0000023cef923b78]

GC Heap History (0 events):
No events

Dll operation events (3 events):
Event: 0.006 Loaded shared library C:\Program Files\Java\jdk-20\bin\java.dll
Event: 0.014 Loaded shared library C:\Program Files\Java\jdk-20\bin\jsvml.dll
Event: 0.269 Loaded shared library C:\Users\Daniel\Visual Studio Code Projects\Graphiti_API_Library_0_1\binding\jgraphiti\libGraphitiJNI.dll

Deoptimization events (0 events):
No events

Classes loaded (10 events):
Event: 0.022 Loading class sun/nio/cs/IBM437
Event: 0.022 Loading class sun/nio/cs/IBM437 done
Event: 0.022 Loading class sun/nio/cs/IBM437$Holder
Event: 0.022 Loading class sun/nio/cs/IBM437$Holder done
Event: 0.035 Loading class jdk/internal/loader/URLClassPath$FileLoader
Event: 0.035 Loading class jdk/internal/loader/URLClassPath$FileLoader done
Event: 0.035 Loading class sun/nio/cs/UTF_8$Decoder
Event: 0.035 Loading class sun/nio/cs/UTF_8$Decoder done
Event: 0.036 Loading class jdk/internal/loader/URLClassPath$FileLoader$1
Event: 0.036 Loading class jdk/internal/loader/URLClassPath$FileLoader$1 done

Classes unloaded (0 events):
No events

Classes redefined (0 events):
No events

Internal exceptions (0 events):
No events

VM Operations (2 events):
Event: 1.015 Executing VM operation: Cleanup
Event: 1.015 Executing VM operation: Cleanup done

Events (11 events):
Event: 0.014 Thread 0x0000023cde7d0190 Thread added: 0x0000023cde7d0190
Event: 0.023 Thread 0x0000023cfce6ba90 Thread added: 0x0000023cfce6ba90
Event: 0.023 Thread 0x0000023cfce6d5e0 Thread added: 0x0000023cfce6d5e0
Event: 0.023 Thread 0x0000023cfce72cf0 Thread added: 0x0000023cfce72cf0
Event: 0.023 Thread 0x0000023cfce76880 Thread added: 0x0000023cfce76880
Event: 0.023 Thread 0x0000023cfce771c0 Thread added: 0x0000023cfce771c0
Event: 0.023 Thread 0x0000023cfce78c20 Thread added: 0x0000023cfce78c20
Event: 0.023 Thread 0x0000023cfce7e6a0 Thread added: 0x0000023cfce7e6a0
Event: 0.023 Thread 0x0000023cfcea2fa0 Thread added: 0x0000023cfcea2fa0
Event: 0.034 Thread 0x0000023cfd0f2cb0 Thread added: 0x0000023cfd0f2cb0
Event: 0.036 Thread 0x0000023cfd10ee00 Thread added: 0x0000023cfd10ee00


Dynamic libraries:
0x00007ff7be800000 - 0x00007ff7be810000 	C:\Program Files\Java\jdk-20\bin\java.exe
0x00007fff5b680000 - 0x00007fff5b8e7000 	C:\WINDOWS\SYSTEM32\ntdll.dll
0x00007fff59930000 - 0x00007fff599f9000 	C:\WINDOWS\System32\KERNEL32.DLL
0x00007fff58d40000 - 0x00007fff59130000 	C:\WINDOWS\System32\KERNELBASE.dll
0x00007fff59140000 - 0x00007fff5928b000 	C:\WINDOWS\System32\ucrtbase.dll
0x00007fff41f70000 - 0x00007fff41f89000 	C:\Program Files\Java\jdk-20\bin\jli.dll
0x00007fff444f0000 - 0x00007fff4450b000 	C:\Program Files\Java\jdk-20\bin\VCRUNTIME140.dll
0x00007fff597f0000 - 0x00007fff598a4000 	C:\WINDOWS\System32\ADVAPI32.dll
0x00007fff59530000 - 0x00007fff595d9000 	C:\WINDOWS\System32\msvcrt.dll
0x00007fff5a1b0000 - 0x00007fff5a256000 	C:\WINDOWS\System32\sechost.dll
0x00007fff59410000 - 0x00007fff59528000 	C:\WINDOWS\System32\RPCRT4.dll
0x00007fff5ad20000 - 0x00007fff5aee5000 	C:\WINDOWS\System32\USER32.dll
0x00007fff587b0000 - 0x00007fff587d7000 	C:\WINDOWS\System32\win32u.dll
0x00007fff3e5e0000 - 0x00007fff3e87a000 	C:\WINDOWS\WinSxS\amd64_microsoft.windows.common-controls_6595b64144ccf1df_6.0.26100.4768_none_3e0c112ce331287c\COMCTL32.dll
0x00007fff5a040000 - 0x00007fff5a06b000 	C:\WINDOWS\System32\GDI32.dll
0x00007fff58920000 - 0x00007fff58a58000 	C:\WINDOWS\System32\gdi32full.dll
0x00007fff587e0000 - 0x00007fff58883000 	C:\WINDOWS\System32\msvcp_win.dll
0x00007fff50f60000 - 0x00007fff50f6b000 	C:\WINDOWS\SYSTEM32\VERSION.dll
0x00007fff59af0000 - 0x00007fff59b1f000 	C:\WINDOWS\System32\IMM32.DLL
0x00007fff551e0000 - 0x00007fff551ec000 	C:\Program Files\Java\jdk-20\bin\vcruntime140_1.dll
0x00007fff04990000 - 0x00007fff04a1e000 	C:\Program Files\Java\jdk-20\bin\msvcp140.dll
0x00007ffec3dc0000 - 0x00007ffec4a57000 	C:\Program Files\Java\jdk-20\bin\server\jvm.dll
0x00007fff3f760000 - 0x00007fff3f76a000 	C:\WINDOWS\SYSTEM32\WSOCK32.dll
0x00007fff4c230000 - 0x00007fff4c265000 	C:\WINDOWS\SYSTEM32\WINMM.dll
0x00007fff5a120000 - 0x00007fff5a194000 	C:\WINDOWS\System32\WS2_32.dll
0x00007fff57500000 - 0x00007fff5751b000 	C:\WINDOWS\SYSTEM32\kernel.appcore.dll
0x00007fff44e00000 - 0x00007fff44e0a000 	C:\Program Files\Java\jdk-20\bin\jimage.dll
0x00007fff55dc0000 - 0x00007fff56001000 	C:\WINDOWS\SYSTEM32\DBGHELP.DLL
0x00007fff5aef0000 - 0x00007fff5b275000 	C:\WINDOWS\System32\combase.dll
0x00007fff59a00000 - 0x00007fff59ae0000 	C:\WINDOWS\System32\OLEAUT32.dll
0x00007fff25f60000 - 0x00007fff25fa3000 	C:\WINDOWS\SYSTEM32\dbgcore.DLL
0x00007fff58a60000 - 0x00007fff58af9000 	C:\WINDOWS\System32\bcryptPrimitives.dll
0x00007fff3fcd0000 - 0x00007fff3fcf6000 	C:\Program Files\Java\jdk-20\bin\java.dll
0x00007ffee9f70000 - 0x00007ffeea047000 	C:\Program Files\Java\jdk-20\bin\jsvml.dll
0x00007fff5a4c0000 - 0x00007fff5ac0d000 	C:\WINDOWS\System32\SHELL32.dll
0x00007fff58b00000 - 0x00007fff58c73000 	C:\WINDOWS\System32\wintypes.dll
0x00007fff56350000 - 0x00007fff56baf000 	C:\WINDOWS\SYSTEM32\windows.storage.dll
0x00007fff5ac20000 - 0x00007fff5ad15000 	C:\WINDOWS\System32\SHCORE.dll
0x00007fff59780000 - 0x00007fff597ea000 	C:\WINDOWS\System32\shlwapi.dll
0x00007fff586d0000 - 0x00007fff586f9000 	C:\WINDOWS\SYSTEM32\profapi.dll
0x00007fff3fca0000 - 0x00007fff3fcc2000 	C:\Users\Daniel\Visual Studio Code Projects\Graphiti_API_Library_0_1\binding\jgraphiti\libGraphitiJNI.dll
0x00007fff3fa80000 - 0x00007fff3faab000 	C:\msys64\mingw64\bin\libgcc_s_seh-1.dll
0x00007fff2ec40000 - 0x00007fff2ec7f000 	C:\Users\Daniel\graphiti\bin\libGraphiti.dll
0x00007fff3fa10000 - 0x00007fff3fa26000 	C:\msys64\mingw64\bin\libwinpthread-1.dll
0x00007ffee9d10000 - 0x00007ffee9f66000 	C:\msys64\mingw64\bin\libstdc++-6.dll
0x00007fff57da0000 - 0x00007fff57dac000 	C:\WINDOWS\SYSTEM32\CRYPTBASE.DLL

dbghelp: loaded successfully - version: 4.0.5 - missing functions: none
symbol engine: initialized successfully - sym options: 0x614 - pdb path: .;C:\Program Files\Java\jdk-20\bin;C:\WINDOWS\SYSTEM32;C:\WINDOWS\WinSxS\amd64_microsoft.windows.common-controls_6595b64144ccf1df_6.0.26100.4768_none_3e0c112ce331287c;C:\Program Files\Java\jdk-20\bin\server;C:\Users\Daniel\Visual Studio Code Projects\Graphiti_API_Library_0_1\binding\jgraphiti;C:\msys64\mingw64\bin;C:\Users\Daniel\graphiti\bin

VM Arguments:
jvm_args: -Djava.library.path=binding/jgraphiti 
java_command: binding.jgraphiti.Main
java_class_path (initial): .
Launcher Type: SUN_STANDARD

[Global flags]
     intx CICompilerCount                          = 4                                         {product} {ergonomic}
     uint ConcGCThreads                            = 2                                         {product} {ergonomic}
     uint G1ConcRefinementThreads                  = 8                                         {product} {ergonomic}
   size_t G1HeapRegionSize                         = 1048576                                   {product} {ergonomic}
    uintx GCDrainStackTargetSize                   = 64                                        {product} {ergonomic}
   size_t InitialHeapSize                          = 132120576                                 {product} {ergonomic}
   size_t MarkStackSize                            = 4194304                                   {product} {ergonomic}
   size_t MaxHeapSize                              = 2090860544                                {product} {ergonomic}
   size_t MaxNewSize                               = 1254096896                                {product} {ergonomic}
   size_t MinHeapDeltaBytes                        = 1048576                                   {product} {ergonomic}
   size_t MinHeapSize                              = 8388608                                   {product} {ergonomic}
    uintx NonNMethodCodeHeapSize                   = 5839372                                {pd product} {ergonomic}
    uintx NonProfiledCodeHeapSize                  = 122909434                              {pd product} {ergonomic}
    uintx ProfiledCodeHeapSize                     = 122909434                              {pd product} {ergonomic}
    uintx ReservedCodeCacheSize                    = 251658240                              {pd product} {ergonomic}
     bool SegmentedCodeCache                       = true                                      {product} {ergonomic}
   size_t SoftMaxHeapSize                          = 2090860544                             {manageable} {ergonomic}
     bool UseCompressedClassPointers               = true                           {product lp64_product} {ergonomic}
     bool UseCompressedOops                        = true                           {product lp64_product} {ergonomic}
     bool UseG1GC                                  = true                                      {product} {ergonomic}
     bool UseLargePagesIndividualAllocation        = false                                  {pd product} {ergonomic}

Logging:
Log output configuration:
 #0: stdout all=warning uptime,level,tags foldmultilines=false
 #1: stderr all=off uptime,level,tags foldmultilines=false

Environment Variables:
JAVA_HOME=C:\Program Files\Java\jdk-20
PATH=C:\tools\ninja;C:\Python312\Lib\site-packages\ninja;C:\Program Files (x86)\NVIDIA Corporation\PhysX\Common;C:\Users\sneha\AppData\Local\Programs\Python\Python312\;C:\Users\sneha\AppData\Local\Programs\Python\Python312\Scripts;C:\Python312\;C:\Python312\Scripts\;C:\Program Files (x86)\Microsoft SDKs\Azure\CLI2\wbin;C:\Program Files\Common Files\Oracle\Java\javapath;C:\Windows\System32;C:\Windows;C:\Windows\System32\wbem;C:\Windows\System32\WindowsPowerShell\v1.0\;C:\Windows\System32\OpenSSH\;C:\Program Files\Java\jdk-20\bin;C:\Program Files\apache-maven-3.9.3\bin;C:\Program Files\Git\cmd;C:\Program Files\dotnet\;C:\Program Files (x86)\WiX Toolset v3.11\bin;C:\Program Files\PuTTY\;C:\ProgramData\chocolatey\bin;C:\Program Files (x86)\GnuPG\bin;C:\Program Files\nodejs\;C:\Program Files\nodejs\node_modules\npm;C:\Program Files (x86)\Windows Kits\8.1\Windows Performance Toolkit\;C:\Program Files\CMake\bin;C:\Program Files (x86)\Windows Kits\10\Windows Performance Toolkit\;C:\msys64\mingw64\bin;;C:\Program Files\doxygen\bin;C:\Users\Daniel\AppData\Local\Programs\Python\Python311\;C:\Users\Daniel\AppData\Local\Programs\Python\Python311\Scripts\;C:\tools\ninja;C:\Python312\Lib\site-packages\ninja;C:\Program Files (x86)\NVIDIA Corporation\PhysX\Common;C:\Users\sneha\AppData\Local\Programs\Python\Python312\;C:\Users\sneha\AppData\Local\Programs\Python\Python312\Scripts;C:\Python312\;C:\Python312\Scripts\;C:\Program Files (x86)\Microsoft SDKs\Azure\CLI2\wbin;C:\Program Files\Common Files\Oracle\Java\javapath;C:\Windows\System32;C:\Windows;C:\Windows\System32\wbem;C:\Windows\System32\WindowsPowerShell\v1.0\;C:\Windows\System32\OpenSSH\;C:\Program Files\Java\jdk-20\bin;C:\Program Files\apache-maven-3.9.3\bin;C:\Program Files\Git\cmd;C:\Program Files\dotnet\;C:\Program Files (x86)\WiX Toolset v3.11\bin;C:\Program Files\PuTTY\;C:\ProgramData\chocolatey\bin;C:\Program Files (x86)\GnuPG\bin;C:\Program Files\nodejs\;C:\Program Files\nodejs\node_modules\npm;C:\Program Files (x86)\Windows Kits\8.1\Windows Performance Toolkit\;C:\Program Files\CMake\bin;C:\Program Files (x86)\Windows Kits\10\Windows Performance Toolkit\;C:\msys64\mingw64\bin;;C:\Program Files\doxygen\bin;;C:\Python311\Scripts\;C:\Users\Daniel\AppData\Local\Programs\Microsoft VS Code\bin;C:\Users\Daniel\vcpkg\;C:\Users\Daniel\graphiti\bin;C:\Users\Daniel\AppData\Local\Programs\MiKTeX\miktex\bin\x64\;c:\Users\Daniel\.vscode\extensions\ms-python.debugpy-2025.10.0-win32-x64\bundled\scripts\noConfigScripts
USERNAME=Daniel
LANG=en_US.UTF-8
OS=Windows_NT
PROCESSOR_IDENTIFIER=Intel64 Family 6 Model 140 Stepping 1, GenuineIntel
TMP=C:\Users\Daniel\AppData\Local\Temp
TEMP=C:\Users\Daniel\AppData\Local\Temp




---------------  S Y S T E M  ---------------

OS:
 Windows 11 , 64 bit Build 26100 (10.0.26100.4768)
OS uptime: 9 days 16:59 hours
Hyper-V role detected

CPU: total 8 (initial active 8) (4 cores per cpu, 2 threads per core) family 6 model 140 stepping 1 microcode 0xa6, cx8, cmov, fxsr, ht, mmx, 3dnowpref, sse, sse2, sse3, ssse3, sse4.1, sse4.2, popcnt, lzcnt, tsc, tscinvbit, avx, avx2, aes, erms, clmul, bmi1, bmi2, adx, avx512f, avx512dq, avx512cd, avx512bw, avx512vl, sha, fma, vzeroupper, avx512_vpopcntdq, avx512_vpclmulqdq, avx512_vaes, avx512_vnni, clflush, clflushopt, clwb, avx512_vbmi2, avx512_vbmi, hv, rdtscp, rdpid, fsrm, gfni, avx512_bitalg, f16c, cet_ibt, cet_ss, avx512_ifma

Memory: 4k page, system-wide physical 7975M (1632M free)
TotalPageFile size 19137M (AvailPageFile size 6494M)
current process WorkingSet (physical memory assigned to process): 30M, peak: 30M
current process commit charge ("private bytes"): 207M, peak: 207M

vm_info: Java HotSpot(TM) 64-Bit Server VM (20.0.1+9-29) for windows-amd64 JRE (20.0.1+9-29), built on 2023-03-07T13:56:11Z by "mach5one" with MS VC++ 17.1 (VS2022)

END.
