#
# A fatal error has been detected by the Java Runtime Environment:
#
#  EXCEPTION_ACCESS_VIOLATION (0xc0000005) at pc=0x00007ffeeb10439c, pid=19780, tid=24752
#
# JRE version: Java(TM) SE Runtime Environment (20.0.1+9) (build 20.0.1+9-29)
# Java VM: Java HotSpot(TM) 64-Bit Server VM (20.0.1+9-29, mixed mode, sharing, tiered, compressed oops, compressed class ptrs, g1 gc, windows-amd64)
# Problematic frame:
# C  [libGraphiti.dll+0x439c]
#
# No core dump will be written. Minidumps are not enabled by default on client versions of Windows
#
# If you would like to submit a bug report, please visit:
#   https://bugreport.java.com/bugreport/crash.jsp
# The crash happened outside the Java Virtual Machine in native code.
# See problematic frame for where to report the bug.
#

---------------  S U M M A R Y ------------

Command Line: -Djava.library.path=binding/jgraphiti binding.examplej.Main

Host: 11th Gen Intel(R) Core(TM) i5-1135G7 @ 2.40GHz, 8 cores, 7G,  Windows 11 , 64 bit Build 26100 (10.0.26100.4768)
Time: Mon Aug  4 13:34:53 2025 Eastern Daylight Time elapsed time: 2.072826 seconds (0d 0h 0m 2s)

---------------  T H R E A D  ---------------

Current thread (0x000002416050efe0):  JavaThread "main" [_thread_in_native, id=24752, stack(0x00000065d8300000,0x00000065d8400000)]

Stack: [0x00000065d8300000,0x00000065d8400000],  sp=0x00000065d83ff450,  free space=1021k
Native frames: (J=compiled Java code, j=interpreted, Vv=VM code, C=native code)
C  [libGraphiti.dll+0x439c]

Java frames: (J=compiled Java code, j=interpreted, Vv=VM code)
j  binding.jgraphiti.Graphiti.getSoftwareVersion(J)V+0
j  binding.examplej.Main.main([Ljava/lang/String;)V+31
v  ~StubRoutines::call_stub 0x000002416faf10e7

siginfo: EXCEPTION_ACCESS_VIOLATION (0xc0000005), reading address 0x0000000000000000


Registers:
RAX=0x000002417d2862b0, RBX=0x000002415e52e053, RCX=0x0000000000000000, RDX=0x00000065d83ff530
RSP=0x00000065d83ff450, RBP=0x00000065d83ff530, RSI=0x0000000000000004, RDI=0x000002415e52e090
R8 =0x7ffffffffffffffc, R9 =0x000002415e52e0b0, R10=0x000002415e52e3c0, R11=0x00000065d83ff300
R12=0x000002415e52e070, R13=0x000002415e52e054, R14=0x000002415e52e092, R15=0x0000000000000001
RIP=0x00007ffeeb10439c, EFLAGS=0x0000000000010202


Register to memory mapping:

RIP=0x00007ffeeb10439c libGraphiti.dll
RAX=0x000002417d2862b0 points into unknown readable memory: 0x0000000000000000 | 00 00 00 00 00 00 00 00
RBX=0x000002415e52e053 points into unknown readable memory: 5e 41 02 00 00
RCX=0x0 is NULL
RDX=0x00000065d83ff530 is pointing into the stack for thread: 0x000002416050efe0
RSP=0x00000065d83ff450 is pointing into the stack for thread: 0x000002416050efe0
RBP=0x00000065d83ff530 is pointing into the stack for thread: 0x000002416050efe0
RSI=0x0000000000000004 is an unknown value
RDI=0x000002415e52e090 points into unknown readable memory: 0x000002415e52e3c0 | c0 e3 52 5e 41 02 00 00
R8 =0x7ffffffffffffffc is an unknown value
R9 =0x000002415e52e0b0 points into unknown readable memory: 0x000002415e52e3c0 | c0 e3 52 5e 41 02 00 00
R10=0x000002415e52e3c0 points into unknown readable memory: 0x000002415e520150 | 50 01 52 5e 41 02 00 00
R11=0x00000065d83ff300 is pointing into the stack for thread: 0x000002416050efe0
R12=0x000002415e52e070 points into unknown readable memory: 0x000002415e52e3ff | ff e3 52 5e 41 02 00 00
R13=0x000002415e52e054 points into unknown readable memory: 41 02 00 00
R14=0x000002415e52e092 points into unknown readable memory: 52 5e 41 02 00 00
R15=0x0000000000000001 is an unknown value


Top of Stack: (sp=0x00000065d83ff450)
0x00000065d83ff450:   00000000000007d0 00000065d83ff5e0
0x00000065d83ff460:   00000065d83ff520 00007ffe98b907bc
0x00000065d83ff470:   000002417d2862b0 0000000000000001
0x00000065d83ff480:   00000065d83ff49f 0000000000000001
0x00000065d83ff490:   00000241004018c8 ff00000000000000
0x00000065d83ff4a0:   000002415e52e070 000002415e52e071
0x00000065d83ff4b0:   000002415e52e071 0000000000000001
0x00000065d83ff4c0:   00000065d83ffa40 000002417d2862b0
0x00000065d83ff4d0:   00000065d83ffa40 000002416fb0de8a
0x00000065d83ff4e0:   00000065d83ff5e8 0000000000000000
0x00000065d83ff4f0:   00000241004018c8 00000065d83ff618
0x00000065d83ff500:   000002416050efe0 00007ffeeb1052e5
0x00000065d83ff510:   00000241004018c8 000002416050efe0
0x00000065d83ff520:   000002416fb0de8a 000002416fb11f6e
0x00000065d83ff530:   000002415e52e050 000002415e52e053
0x00000065d83ff540:   000002415e52e054 000002416fb12815
0x00000065d83ff550:   00000241004018c8 000002416fb120f3
0x00000065d83ff560:   000002416fb0de8a 000002416fb11dd9
0x00000065d83ff570:   00000241004018c8 00000065d83ffa40
0x00000065d83ff580:   000002416fb11d96 00000065d83ff588
0x00000065d83ff590:   000002416fb11d96 000002416fb11d96
0x00000065d83ff5a0:   00000065d83ff5a0 00000241004018c8
0x00000065d83ff5b0:   00000065d83ff618 0000024100402ad8
0x00000065d83ff5c0:   0000000000000000 000000008b21d748
0x00000065d83ff5d0:   00000241004018c8 0000000000000000
0x00000065d83ff5e0:   00000065d83ff608 00000065d83ff668
0x00000065d83ff5f0:   000002416fb0de8a 0000000000000000
0x00000065d83ff600:   000002416fb0f897 000002417d2862b0
0x00000065d83ff610:   0000000000000000 000000008b21e8d8
0x00000065d83ff620:   00000065d83ff620 00000241004003af
0x00000065d83ff630:   00000065d83ff690 0000024100400440
0x00000065d83ff640:   0000000000000000 000000008b21bb28 

Instructions: (pc=0x00007ffeeb10439c)
0x00007ffeeb10429c:   07 41 f6 c3 07 74 76 49 83 e3 f8 4d 01 da 4c 01
0x00007ffeeb1042ac:   d9 0f b6 01 41 88 02 48 8d 41 01 48 39 c3 74 5d
0x00007ffeeb1042bc:   0f b6 41 01 41 88 42 01 48 8d 41 02 48 39 c3 74
0x00007ffeeb1042cc:   4c 0f b6 41 02 41 88 42 02 48 8d 41 03 48 39 c3
0x00007ffeeb1042dc:   74 3b 0f b6 41 03 41 88 42 03 48 8d 41 04 48 39
0x00007ffeeb1042ec:   c3 74 2a 0f b6 41 04 41 88 42 04 48 8d 41 05 48
0x00007ffeeb1042fc:   39 c3 74 19 0f b6 41 05 41 88 42 05 48 8d 41 06
0x00007ffeeb10430c:   48 39 c3 74 08 0f b6 41 06 41 88 42 06 48 8d 0c
0x00007ffeeb10431c:   17 4d 89 f8 4c 89 e2 e8 d8 fe 00 00 4a 8d 1c 38
0x00007ffeeb10432c:   48 85 f6 0f 85 b0 01 00 00 4e 8d 34 2f 48 89 7d
0x00007ffeeb10433c:   00 48 89 5d 08 4c 89 75 10 4c 39 f3 0f 84 e1 00
0x00007ffeeb10434c:   00 00 48 39 fb 0f 84 89 00 00 00 0f b6 43 ff 48
0x00007ffeeb10435c:   89 fa 88 03 48 8b 4d 08 48 8d 41 01 48 89 45 08
0x00007ffeeb10436c:   48 8d 41 ff 49 89 c0 48 29 c2 49 29 f8 48 01 d1
0x00007ffeeb10437c:   49 83 f8 01 0f 8e 97 01 00 00 48 89 fa e8 7a fe
0x00007ffeeb10438c:   00 00 c6 07 1b 48 8b 44 24 20 48 89 ea 48 8b 08
0x00007ffeeb10439c:   48 8b 01 ff 50 20 4d 85 e4 74 21 48 8b 54 24 28
0x00007ffeeb1043ac:   4c 89 e1 48 83 c4 78 5b 5e 5f 5d 41 5c 41 5d 41
0x00007ffeeb1043bc:   5e 41 5f e9 14 ec 00 00 0f 1f 40 00 48 83 c4 78
0x00007ffeeb1043cc:   5b 5e 5f 5d 41 5c 41 5d 41 5e 41 5f c3 0f 1f 80
0x00007ffeeb1043dc:   00 00 00 00 c6 03 1b 48 83 45 08 01 eb a7 66 0f
0x00007ffeeb1043ec:   1f 44 00 00 b9 02 00 00 00 e8 d6 eb 00 00 4c 8b
0x00007ffeeb1043fc:   75 10 48 c7 44 24 28 02 00 00 00 49 89 c4 4c 8d
0x00007ffeeb10440c:   40 02 0f b7 05 03 91 01 00 66 41 89 04 24 4d 39
0x00007ffeeb10441c:   e0 0f 85 a2 fd ff ff 48 89 f7 4c 39 f3 0f 85 1f
0x00007ffeeb10442c:   ff ff ff 48 b8 ff ff ff ff ff ff ff 7f 48 29 fb
0x00007ffeeb10443c:   48 39 c3 0f 84 5d 01 00 00 48 85 db be 01 00 00
0x00007ffeeb10444c:   00 48 b8 ff ff ff ff ff ff ff 7f 48 0f 45 f3 48
0x00007ffeeb10445c:   01 de 48 39 c6 48 0f 47 f0 48 89 f1 e8 63 eb 00
0x00007ffeeb10446c:   00 c6 00 1b 49 89 c5 48 8d 48 01 48 85 db 74 0e
0x00007ffeeb10447c:   49 89 d8 48 89 fa e8 79 fd 00 00 48 89 c1 48 01
0x00007ffeeb10448c:   cb 48 85 ff 74 0e 4c 89 f2 48 89 f9 48 29 fa e8 


Stack slot to memory mapping:
stack at sp + 0 slots: 0x00000000000007d0 is an unknown value
stack at sp + 1 slots: 0x00000065d83ff5e0 is pointing into the stack for thread: 0x000002416050efe0
stack at sp + 2 slots: 0x00000065d83ff520 is pointing into the stack for thread: 0x000002416050efe0
stack at sp + 3 slots: 0x00007ffe98b907bc jvm.dll
stack at sp + 4 slots: 0x000002417d2862b0 points into unknown readable memory: 0x0000000000000000 | 00 00 00 00 00 00 00 00
stack at sp + 5 slots: 0x0000000000000001 is an unknown value
stack at sp + 6 slots: 0x00000065d83ff49f is pointing into the stack for thread: 0x000002416050efe0
stack at sp + 7 slots: 0x0000000000000001 is an unknown value


---------------  P R O C E S S  ---------------

Threads class SMR info:
_java_thread_list=0x000002417cfb1660, length=11, elements={
0x000002416050efe0, 0x000002417cd539f0, 0x000002417cd54530, 0x000002417cd57080,
0x000002417cd599d0, 0x000002417cd5a310, 0x000002417cd5d400, 0x000002417cd5e680,
0x000002417ce72890, 0x000002417cfccf30, 0x000002417cfd8980
}

Java Threads: ( => current thread )
=>0x000002416050efe0 JavaThread "main" [_thread_in_native, id=24752, stack(0x00000065d8300000,0x00000065d8400000)]
  0x000002417cd539f0 JavaThread "Reference Handler" daemon [_thread_blocked, id=21376, stack(0x00000065d8a00000,0x00000065d8b00000)]
  0x000002417cd54530 JavaThread "Finalizer" daemon [_thread_blocked, id=9664, stack(0x00000065d8b00000,0x00000065d8c00000)]
  0x000002417cd57080 JavaThread "Signal Dispatcher" daemon [_thread_blocked, id=20160, stack(0x00000065d8c00000,0x00000065d8d00000)]
  0x000002417cd599d0 JavaThread "Attach Listener" daemon [_thread_blocked, id=16184, stack(0x00000065d8d00000,0x00000065d8e00000)]
  0x000002417cd5a310 JavaThread "Service Thread" daemon [_thread_blocked, id=12384, stack(0x00000065d8e00000,0x00000065d8f00000)]
  0x000002417cd5d400 JavaThread "Monitor Deflation Thread" daemon [_thread_blocked, id=12540, stack(0x00000065d8f00000,0x00000065d9000000)]
  0x000002417cd5e680 JavaThread "C2 CompilerThread0" daemon [_thread_blocked, id=14672, stack(0x00000065d9000000,0x00000065d9100000)]
  0x000002417ce72890 JavaThread "C1 CompilerThread0" daemon [_thread_blocked, id=19152, stack(0x00000065d9100000,0x00000065d9200000)]
  0x000002417cfccf30 JavaThread "Notification Thread" daemon [_thread_blocked, id=24452, stack(0x00000065d9200000,0x00000065d9300000)]
  0x000002417cfd8980 JavaThread "Common-Cleaner" daemon [_thread_blocked, id=16572, stack(0x00000065d9400000,0x00000065d9500000)]

Other Threads:
  0x000002417cd34010 VMThread "VM Thread" [stack: 0x00000065d8900000,0x00000065d8a00000] [id=1648]
  0x000002417cfd18a0 WatcherThread "VM Periodic Task Thread" [stack: 0x00000065d9300000,0x00000065d9400000] [id=15624]
  0x0000024160571180 WorkerThread "GC Thread#0" [stack: 0x00000065d8400000,0x00000065d8500000] [id=16896]
  0x0000024160581960 ConcurrentGCThread "G1 Main Marker" [stack: 0x00000065d8500000,0x00000065d8600000] [id=15852]
  0x00000241605822a0 WorkerThread "G1 Conc#0" [stack: 0x00000065d8600000,0x00000065d8700000] [id=19512]
  0x00000241605cec20 ConcurrentGCThread "G1 Refine#0" [stack: 0x00000065d8700000,0x00000065d8800000] [id=20092]
  0x000002417cbb3650 ConcurrentGCThread "G1 Service" [stack: 0x00000065d8800000,0x00000065d8900000] [id=8636]

Threads with active compile tasks:

VM state: not at safepoint (normal execution)

VM Mutex/Monitor currently owned by a thread: None

Heap address: 0x0000000083600000, size: 1994 MB, Compressed Oops mode: 32-bit

CDS archive(s) mapped at: [0x0000000800000000-0x0000000800c60000-0x0000000800c60000), size 12976128, SharedBaseAddress: 0x0000000800000000, ArchiveRelocationMode: 0.
Compressed class space mapped at: 0x0000000801000000-0x0000000841000000, reserved size: 1073741824
Narrow klass base: 0x0000000800000000, Narrow klass shift: 0, Narrow klass range: 0x100000000

GC Precious Log:
 CardTable entry size: 512
 Card Set container configuration: InlinePtr #cards 5 size 8 Array Of Cards #cards 12 size 40 Howl #buckets 4 coarsen threshold 1843 Howl Bitmap #cards 512 size 80 coarsen threshold 460 Card regions per heap region 1 cards per card region 2048
 CPUs: 8 total, 8 available
 Memory: 7975M
 Large Page Support: Disabled
 NUMA Support: Disabled
 Compressed Oops: Enabled (32-bit)
 Heap Region Size: 1M
 Heap Min Capacity: 8M
 Heap Initial Capacity: 126M
 Heap Max Capacity: 1994M
 Pre-touch: Disabled
 Parallel Workers: 8
 Concurrent Workers: 2
 Concurrent Refinement Workers: 8
 Periodic GC: Disabled

Heap:
 garbage-first heap   total 129024K, used 1024K [0x0000000083600000, 0x0000000100000000)
  region size 1024K, 2 young (2048K), 0 survivors (0K)
 Metaspace       used 154K, committed 384K, reserved 1114112K
  class space    used 6K, committed 128K, reserved 1048576K

Heap Regions: E=young(eden), S=young(survivor), O=old, HS=humongous(starts), HC=humongous(continues), CS=collection set, F=free, OA=open archive, CA=closed archive, TAMS=top-at-mark-start, PB=parsable bottom
|   0|0x0000000083600000, 0x0000000083600000, 0x0000000083700000|  0%| F|  |TAMS 0x0000000083600000| PB 0x0000000083600000| Untracked 
|   1|0x0000000083700000, 0x0000000083700000, 0x0000000083800000|  0%| F|  |TAMS 0x0000000083700000| PB 0x0000000083700000| Untracked 
|   2|0x0000000083800000, 0x0000000083800000, 0x0000000083900000|  0%| F|  |TAMS 0x0000000083800000| PB 0x0000000083800000| Untracked 
|   3|0x0000000083900000, 0x0000000083900000, 0x0000000083a00000|  0%| F|  |TAMS 0x0000000083900000| PB 0x0000000083900000| Untracked 
|   4|0x0000000083a00000, 0x0000000083a00000, 0x0000000083b00000|  0%| F|  |TAMS 0x0000000083a00000| PB 0x0000000083a00000| Untracked 
|   5|0x0000000083b00000, 0x0000000083b00000, 0x0000000083c00000|  0%| F|  |TAMS 0x0000000083b00000| PB 0x0000000083b00000| Untracked 
|   6|0x0000000083c00000, 0x0000000083c00000, 0x0000000083d00000|  0%| F|  |TAMS 0x0000000083c00000| PB 0x0000000083c00000| Untracked 
|   7|0x0000000083d00000, 0x0000000083d00000, 0x0000000083e00000|  0%| F|  |TAMS 0x0000000083d00000| PB 0x0000000083d00000| Untracked 
|   8|0x0000000083e00000, 0x0000000083e00000, 0x0000000083f00000|  0%| F|  |TAMS 0x0000000083e00000| PB 0x0000000083e00000| Untracked 
|   9|0x0000000083f00000, 0x0000000083f00000, 0x0000000084000000|  0%| F|  |TAMS 0x0000000083f00000| PB 0x0000000083f00000| Untracked 
|  10|0x0000000084000000, 0x0000000084000000, 0x0000000084100000|  0%| F|  |TAMS 0x0000000084000000| PB 0x0000000084000000| Untracked 
|  11|0x0000000084100000, 0x0000000084100000, 0x0000000084200000|  0%| F|  |TAMS 0x0000000084100000| PB 0x0000000084100000| Untracked 
|  12|0x0000000084200000, 0x0000000084200000, 0x0000000084300000|  0%| F|  |TAMS 0x0000000084200000| PB 0x0000000084200000| Untracked 
|  13|0x0000000084300000, 0x0000000084300000, 0x0000000084400000|  0%| F|  |TAMS 0x0000000084300000| PB 0x0000000084300000| Untracked 
|  14|0x0000000084400000, 0x0000000084400000, 0x0000000084500000|  0%| F|  |TAMS 0x0000000084400000| PB 0x0000000084400000| Untracked 
|  15|0x0000000084500000, 0x0000000084500000, 0x0000000084600000|  0%| F|  |TAMS 0x0000000084500000| PB 0x0000000084500000| Untracked 
|  16|0x0000000084600000, 0x0000000084600000, 0x0000000084700000|  0%| F|  |TAMS 0x0000000084600000| PB 0x0000000084600000| Untracked 
|  17|0x0000000084700000, 0x0000000084700000, 0x0000000084800000|  0%| F|  |TAMS 0x0000000084700000| PB 0x0000000084700000| Untracked 
|  18|0x0000000084800000, 0x0000000084800000, 0x0000000084900000|  0%| F|  |TAMS 0x0000000084800000| PB 0x0000000084800000| Untracked 
|  19|0x0000000084900000, 0x0000000084900000, 0x0000000084a00000|  0%| F|  |TAMS 0x0000000084900000| PB 0x0000000084900000| Untracked 
|  20|0x0000000084a00000, 0x0000000084a00000, 0x0000000084b00000|  0%| F|  |TAMS 0x0000000084a00000| PB 0x0000000084a00000| Untracked 
|  21|0x0000000084b00000, 0x0000000084b00000, 0x0000000084c00000|  0%| F|  |TAMS 0x0000000084b00000| PB 0x0000000084b00000| Untracked 
|  22|0x0000000084c00000, 0x0000000084c00000, 0x0000000084d00000|  0%| F|  |TAMS 0x0000000084c00000| PB 0x0000000084c00000| Untracked 
|  23|0x0000000084d00000, 0x0000000084d00000, 0x0000000084e00000|  0%| F|  |TAMS 0x0000000084d00000| PB 0x0000000084d00000| Untracked 
|  24|0x0000000084e00000, 0x0000000084e00000, 0x0000000084f00000|  0%| F|  |TAMS 0x0000000084e00000| PB 0x0000000084e00000| Untracked 
|  25|0x0000000084f00000, 0x0000000084f00000, 0x0000000085000000|  0%| F|  |TAMS 0x0000000084f00000| PB 0x0000000084f00000| Untracked 
|  26|0x0000000085000000, 0x0000000085000000, 0x0000000085100000|  0%| F|  |TAMS 0x0000000085000000| PB 0x0000000085000000| Untracked 
|  27|0x0000000085100000, 0x0000000085100000, 0x0000000085200000|  0%| F|  |TAMS 0x0000000085100000| PB 0x0000000085100000| Untracked 
|  28|0x0000000085200000, 0x0000000085200000, 0x0000000085300000|  0%| F|  |TAMS 0x0000000085200000| PB 0x0000000085200000| Untracked 
|  29|0x0000000085300000, 0x0000000085300000, 0x0000000085400000|  0%| F|  |TAMS 0x0000000085300000| PB 0x0000000085300000| Untracked 
|  30|0x0000000085400000, 0x0000000085400000, 0x0000000085500000|  0%| F|  |TAMS 0x0000000085400000| PB 0x0000000085400000| Untracked 
|  31|0x0000000085500000, 0x0000000085500000, 0x0000000085600000|  0%| F|  |TAMS 0x0000000085500000| PB 0x0000000085500000| Untracked 
|  32|0x0000000085600000, 0x0000000085600000, 0x0000000085700000|  0%| F|  |TAMS 0x0000000085600000| PB 0x0000000085600000| Untracked 
|  33|0x0000000085700000, 0x0000000085700000, 0x0000000085800000|  0%| F|  |TAMS 0x0000000085700000| PB 0x0000000085700000| Untracked 
|  34|0x0000000085800000, 0x0000000085800000, 0x0000000085900000|  0%| F|  |TAMS 0x0000000085800000| PB 0x0000000085800000| Untracked 
|  35|0x0000000085900000, 0x0000000085900000, 0x0000000085a00000|  0%| F|  |TAMS 0x0000000085900000| PB 0x0000000085900000| Untracked 
|  36|0x0000000085a00000, 0x0000000085a00000, 0x0000000085b00000|  0%| F|  |TAMS 0x0000000085a00000| PB 0x0000000085a00000| Untracked 
|  37|0x0000000085b00000, 0x0000000085b00000, 0x0000000085c00000|  0%| F|  |TAMS 0x0000000085b00000| PB 0x0000000085b00000| Untracked 
|  38|0x0000000085c00000, 0x0000000085c00000, 0x0000000085d00000|  0%| F|  |TAMS 0x0000000085c00000| PB 0x0000000085c00000| Untracked 
|  39|0x0000000085d00000, 0x0000000085d00000, 0x0000000085e00000|  0%| F|  |TAMS 0x0000000085d00000| PB 0x0000000085d00000| Untracked 
|  40|0x0000000085e00000, 0x0000000085e00000, 0x0000000085f00000|  0%| F|  |TAMS 0x0000000085e00000| PB 0x0000000085e00000| Untracked 
|  41|0x0000000085f00000, 0x0000000085f00000, 0x0000000086000000|  0%| F|  |TAMS 0x0000000085f00000| PB 0x0000000085f00000| Untracked 
|  42|0x0000000086000000, 0x0000000086000000, 0x0000000086100000|  0%| F|  |TAMS 0x0000000086000000| PB 0x0000000086000000| Untracked 
|  43|0x0000000086100000, 0x0000000086100000, 0x0000000086200000|  0%| F|  |TAMS 0x0000000086100000| PB 0x0000000086100000| Untracked 
|  44|0x0000000086200000, 0x0000000086200000, 0x0000000086300000|  0%| F|  |TAMS 0x0000000086200000| PB 0x0000000086200000| Untracked 
|  45|0x0000000086300000, 0x0000000086300000, 0x0000000086400000|  0%| F|  |TAMS 0x0000000086300000| PB 0x0000000086300000| Untracked 
|  46|0x0000000086400000, 0x0000000086400000, 0x0000000086500000|  0%| F|  |TAMS 0x0000000086400000| PB 0x0000000086400000| Untracked 
|  47|0x0000000086500000, 0x0000000086500000, 0x0000000086600000|  0%| F|  |TAMS 0x0000000086500000| PB 0x0000000086500000| Untracked 
|  48|0x0000000086600000, 0x0000000086600000, 0x0000000086700000|  0%| F|  |TAMS 0x0000000086600000| PB 0x0000000086600000| Untracked 
|  49|0x0000000086700000, 0x0000000086700000, 0x0000000086800000|  0%| F|  |TAMS 0x0000000086700000| PB 0x0000000086700000| Untracked 
|  50|0x0000000086800000, 0x0000000086800000, 0x0000000086900000|  0%| F|  |TAMS 0x0000000086800000| PB 0x0000000086800000| Untracked 
|  51|0x0000000086900000, 0x0000000086900000, 0x0000000086a00000|  0%| F|  |TAMS 0x0000000086900000| PB 0x0000000086900000| Untracked 
|  52|0x0000000086a00000, 0x0000000086a00000, 0x0000000086b00000|  0%| F|  |TAMS 0x0000000086a00000| PB 0x0000000086a00000| Untracked 
|  53|0x0000000086b00000, 0x0000000086b00000, 0x0000000086c00000|  0%| F|  |TAMS 0x0000000086b00000| PB 0x0000000086b00000| Untracked 
|  54|0x0000000086c00000, 0x0000000086c00000, 0x0000000086d00000|  0%| F|  |TAMS 0x0000000086c00000| PB 0x0000000086c00000| Untracked 
|  55|0x0000000086d00000, 0x0000000086d00000, 0x0000000086e00000|  0%| F|  |TAMS 0x0000000086d00000| PB 0x0000000086d00000| Untracked 
|  56|0x0000000086e00000, 0x0000000086e00000, 0x0000000086f00000|  0%| F|  |TAMS 0x0000000086e00000| PB 0x0000000086e00000| Untracked 
|  57|0x0000000086f00000, 0x0000000086f00000, 0x0000000087000000|  0%| F|  |TAMS 0x0000000086f00000| PB 0x0000000086f00000| Untracked 
|  58|0x0000000087000000, 0x0000000087000000, 0x0000000087100000|  0%| F|  |TAMS 0x0000000087000000| PB 0x0000000087000000| Untracked 
|  59|0x0000000087100000, 0x0000000087100000, 0x0000000087200000|  0%| F|  |TAMS 0x0000000087100000| PB 0x0000000087100000| Untracked 
|  60|0x0000000087200000, 0x0000000087200000, 0x0000000087300000|  0%| F|  |TAMS 0x0000000087200000| PB 0x0000000087200000| Untracked 
|  61|0x0000000087300000, 0x0000000087300000, 0x0000000087400000|  0%| F|  |TAMS 0x0000000087300000| PB 0x0000000087300000| Untracked 
|  62|0x0000000087400000, 0x0000000087400000, 0x0000000087500000|  0%| F|  |TAMS 0x0000000087400000| PB 0x0000000087400000| Untracked 
|  63|0x0000000087500000, 0x0000000087500000, 0x0000000087600000|  0%| F|  |TAMS 0x0000000087500000| PB 0x0000000087500000| Untracked 
|  64|0x0000000087600000, 0x0000000087600000, 0x0000000087700000|  0%| F|  |TAMS 0x0000000087600000| PB 0x0000000087600000| Untracked 
|  65|0x0000000087700000, 0x0000000087700000, 0x0000000087800000|  0%| F|  |TAMS 0x0000000087700000| PB 0x0000000087700000| Untracked 
|  66|0x0000000087800000, 0x0000000087800000, 0x0000000087900000|  0%| F|  |TAMS 0x0000000087800000| PB 0x0000000087800000| Untracked 
|  67|0x0000000087900000, 0x0000000087900000, 0x0000000087a00000|  0%| F|  |TAMS 0x0000000087900000| PB 0x0000000087900000| Untracked 
|  68|0x0000000087a00000, 0x0000000087a00000, 0x0000000087b00000|  0%| F|  |TAMS 0x0000000087a00000| PB 0x0000000087a00000| Untracked 
|  69|0x0000000087b00000, 0x0000000087b00000, 0x0000000087c00000|  0%| F|  |TAMS 0x0000000087b00000| PB 0x0000000087b00000| Untracked 
|  70|0x0000000087c00000, 0x0000000087c00000, 0x0000000087d00000|  0%| F|  |TAMS 0x0000000087c00000| PB 0x0000000087c00000| Untracked 
|  71|0x0000000087d00000, 0x0000000087d00000, 0x0000000087e00000|  0%| F|  |TAMS 0x0000000087d00000| PB 0x0000000087d00000| Untracked 
|  72|0x0000000087e00000, 0x0000000087e00000, 0x0000000087f00000|  0%| F|  |TAMS 0x0000000087e00000| PB 0x0000000087e00000| Untracked 
|  73|0x0000000087f00000, 0x0000000087f00000, 0x0000000088000000|  0%| F|  |TAMS 0x0000000087f00000| PB 0x0000000087f00000| Untracked 
|  74|0x0000000088000000, 0x0000000088000000, 0x0000000088100000|  0%| F|  |TAMS 0x0000000088000000| PB 0x0000000088000000| Untracked 
|  75|0x0000000088100000, 0x0000000088100000, 0x0000000088200000|  0%| F|  |TAMS 0x0000000088100000| PB 0x0000000088100000| Untracked 
|  76|0x0000000088200000, 0x0000000088200000, 0x0000000088300000|  0%| F|  |TAMS 0x0000000088200000| PB 0x0000000088200000| Untracked 
|  77|0x0000000088300000, 0x0000000088300000, 0x0000000088400000|  0%| F|  |TAMS 0x0000000088300000| PB 0x0000000088300000| Untracked 
|  78|0x0000000088400000, 0x0000000088400000, 0x0000000088500000|  0%| F|  |TAMS 0x0000000088400000| PB 0x0000000088400000| Untracked 
|  79|0x0000000088500000, 0x0000000088500000, 0x0000000088600000|  0%| F|  |TAMS 0x0000000088500000| PB 0x0000000088500000| Untracked 
|  80|0x0000000088600000, 0x0000000088600000, 0x0000000088700000|  0%| F|  |TAMS 0x0000000088600000| PB 0x0000000088600000| Untracked 
|  81|0x0000000088700000, 0x0000000088700000, 0x0000000088800000|  0%| F|  |TAMS 0x0000000088700000| PB 0x0000000088700000| Untracked 
|  82|0x0000000088800000, 0x0000000088800000, 0x0000000088900000|  0%| F|  |TAMS 0x0000000088800000| PB 0x0000000088800000| Untracked 
|  83|0x0000000088900000, 0x0000000088900000, 0x0000000088a00000|  0%| F|  |TAMS 0x0000000088900000| PB 0x0000000088900000| Untracked 
|  84|0x0000000088a00000, 0x0000000088a00000, 0x0000000088b00000|  0%| F|  |TAMS 0x0000000088a00000| PB 0x0000000088a00000| Untracked 
|  85|0x0000000088b00000, 0x0000000088b00000, 0x0000000088c00000|  0%| F|  |TAMS 0x0000000088b00000| PB 0x0000000088b00000| Untracked 
|  86|0x0000000088c00000, 0x0000000088c00000, 0x0000000088d00000|  0%| F|  |TAMS 0x0000000088c00000| PB 0x0000000088c00000| Untracked 
|  87|0x0000000088d00000, 0x0000000088d00000, 0x0000000088e00000|  0%| F|  |TAMS 0x0000000088d00000| PB 0x0000000088d00000| Untracked 
|  88|0x0000000088e00000, 0x0000000088e00000, 0x0000000088f00000|  0%| F|  |TAMS 0x0000000088e00000| PB 0x0000000088e00000| Untracked 
|  89|0x0000000088f00000, 0x0000000088f00000, 0x0000000089000000|  0%| F|  |TAMS 0x0000000088f00000| PB 0x0000000088f00000| Untracked 
|  90|0x0000000089000000, 0x0000000089000000, 0x0000000089100000|  0%| F|  |TAMS 0x0000000089000000| PB 0x0000000089000000| Untracked 
|  91|0x0000000089100000, 0x0000000089100000, 0x0000000089200000|  0%| F|  |TAMS 0x0000000089100000| PB 0x0000000089100000| Untracked 
|  92|0x0000000089200000, 0x0000000089200000, 0x0000000089300000|  0%| F|  |TAMS 0x0000000089200000| PB 0x0000000089200000| Untracked 
|  93|0x0000000089300000, 0x0000000089300000, 0x0000000089400000|  0%| F|  |TAMS 0x0000000089300000| PB 0x0000000089300000| Untracked 
|  94|0x0000000089400000, 0x0000000089400000, 0x0000000089500000|  0%| F|  |TAMS 0x0000000089400000| PB 0x0000000089400000| Untracked 
|  95|0x0000000089500000, 0x0000000089500000, 0x0000000089600000|  0%| F|  |TAMS 0x0000000089500000| PB 0x0000000089500000| Untracked 
|  96|0x0000000089600000, 0x0000000089600000, 0x0000000089700000|  0%| F|  |TAMS 0x0000000089600000| PB 0x0000000089600000| Untracked 
|  97|0x0000000089700000, 0x0000000089700000, 0x0000000089800000|  0%| F|  |TAMS 0x0000000089700000| PB 0x0000000089700000| Untracked 
|  98|0x0000000089800000, 0x0000000089800000, 0x0000000089900000|  0%| F|  |TAMS 0x0000000089800000| PB 0x0000000089800000| Untracked 
|  99|0x0000000089900000, 0x0000000089900000, 0x0000000089a00000|  0%| F|  |TAMS 0x0000000089900000| PB 0x0000000089900000| Untracked 
| 100|0x0000000089a00000, 0x0000000089a00000, 0x0000000089b00000|  0%| F|  |TAMS 0x0000000089a00000| PB 0x0000000089a00000| Untracked 
| 101|0x0000000089b00000, 0x0000000089b00000, 0x0000000089c00000|  0%| F|  |TAMS 0x0000000089b00000| PB 0x0000000089b00000| Untracked 
| 102|0x0000000089c00000, 0x0000000089c00000, 0x0000000089d00000|  0%| F|  |TAMS 0x0000000089c00000| PB 0x0000000089c00000| Untracked 
| 103|0x0000000089d00000, 0x0000000089d00000, 0x0000000089e00000|  0%| F|  |TAMS 0x0000000089d00000| PB 0x0000000089d00000| Untracked 
| 104|0x0000000089e00000, 0x0000000089e00000, 0x0000000089f00000|  0%| F|  |TAMS 0x0000000089e00000| PB 0x0000000089e00000| Untracked 
| 105|0x0000000089f00000, 0x0000000089f00000, 0x000000008a000000|  0%| F|  |TAMS 0x0000000089f00000| PB 0x0000000089f00000| Untracked 
| 106|0x000000008a000000, 0x000000008a000000, 0x000000008a100000|  0%| F|  |TAMS 0x000000008a000000| PB 0x000000008a000000| Untracked 
| 107|0x000000008a100000, 0x000000008a100000, 0x000000008a200000|  0%| F|  |TAMS 0x000000008a100000| PB 0x000000008a100000| Untracked 
| 108|0x000000008a200000, 0x000000008a200000, 0x000000008a300000|  0%| F|  |TAMS 0x000000008a200000| PB 0x000000008a200000| Untracked 
| 109|0x000000008a300000, 0x000000008a300000, 0x000000008a400000|  0%| F|  |TAMS 0x000000008a300000| PB 0x000000008a300000| Untracked 
| 110|0x000000008a400000, 0x000000008a400000, 0x000000008a500000|  0%| F|  |TAMS 0x000000008a400000| PB 0x000000008a400000| Untracked 
| 111|0x000000008a500000, 0x000000008a500000, 0x000000008a600000|  0%| F|  |TAMS 0x000000008a500000| PB 0x000000008a500000| Untracked 
| 112|0x000000008a600000, 0x000000008a600000, 0x000000008a700000|  0%| F|  |TAMS 0x000000008a600000| PB 0x000000008a600000| Untracked 
| 113|0x000000008a700000, 0x000000008a700000, 0x000000008a800000|  0%| F|  |TAMS 0x000000008a700000| PB 0x000000008a700000| Untracked 
| 114|0x000000008a800000, 0x000000008a800000, 0x000000008a900000|  0%| F|  |TAMS 0x000000008a800000| PB 0x000000008a800000| Untracked 
| 115|0x000000008a900000, 0x000000008a900000, 0x000000008aa00000|  0%| F|  |TAMS 0x000000008a900000| PB 0x000000008a900000| Untracked 
| 116|0x000000008aa00000, 0x000000008aa00000, 0x000000008ab00000|  0%| F|  |TAMS 0x000000008aa00000| PB 0x000000008aa00000| Untracked 
| 117|0x000000008ab00000, 0x000000008ab00000, 0x000000008ac00000|  0%| F|  |TAMS 0x000000008ab00000| PB 0x000000008ab00000| Untracked 
| 118|0x000000008ac00000, 0x000000008ac00000, 0x000000008ad00000|  0%| F|  |TAMS 0x000000008ac00000| PB 0x000000008ac00000| Untracked 
| 119|0x000000008ad00000, 0x000000008ad00000, 0x000000008ae00000|  0%| F|  |TAMS 0x000000008ad00000| PB 0x000000008ad00000| Untracked 
| 120|0x000000008ae00000, 0x000000008ae00000, 0x000000008af00000|  0%| F|  |TAMS 0x000000008ae00000| PB 0x000000008ae00000| Untracked 
| 121|0x000000008af00000, 0x000000008af00000, 0x000000008b000000|  0%| F|  |TAMS 0x000000008af00000| PB 0x000000008af00000| Untracked 
| 122|0x000000008b000000, 0x000000008b000000, 0x000000008b100000|  0%| F|  |TAMS 0x000000008b000000| PB 0x000000008b000000| Untracked 
| 123|0x000000008b100000, 0x000000008b100000, 0x000000008b200000|  0%| F|  |TAMS 0x000000008b100000| PB 0x000000008b100000| Untracked 
| 124|0x000000008b200000, 0x000000008b2ec150, 0x000000008b300000| 92%| E|  |TAMS 0x000000008b200000| PB 0x000000008b200000| Complete 
| 125|0x000000008b300000, 0x000000008b400000, 0x000000008b400000|100%| E|CS|TAMS 0x000000008b300000| PB 0x000000008b300000| Complete 

Card table byte_map: [0x0000024177bd0000,0x0000024177fc0000] _byte_map_base: 0x00000241777b5000

Marking Bits: (CMBitMap*) 0x00000241605716c0
 Bits: [0x00000241783b0000, 0x000002417a2d8000)

Polling page: 0x000002415e3f0000

Metaspace:

Usage:
  Non-class:    147.91 KB used.
      Class:      6.61 KB used.
       Both:    154.52 KB used.

Virtual space:
  Non-class space:       64.00 MB reserved,     256.00 KB ( <1%) committed,  1 nodes.
      Class space:        1.00 GB reserved,     128.00 KB ( <1%) committed,  1 nodes.
             Both:        1.06 GB reserved,     384.00 KB ( <1%) committed. 

Chunk freelists:
   Non-Class:  3.99 MB
       Class:  3.75 MB
        Both:  7.74 MB

MaxMetaspaceSize: unlimited
CompressedClassSpaceSize: 1.00 GB
Initial GC threshold: 21.00 MB
Current GC threshold: 21.00 MB
CDS: on
MetaspaceReclaimPolicy: balanced
 - commit_granule_bytes: 65536.
 - commit_granule_words: 8192.
 - virtual_space_node_default_size: 8388608.
 - enlarge_chunks_in_place: 1.
 - new_chunks_are_fully_committed: 0.
 - uncommit_free_chunks: 1.
 - use_allocation_guard: 0.


Internal statistics:

num_allocs_failed_limit: 0.
num_arena_births: 4.
num_arena_deaths: 0.
num_vsnodes_births: 2.
num_vsnodes_deaths: 0.
num_space_committed: 6.
num_space_uncommitted: 0.
num_chunks_returned_to_freelist: 0.
num_chunks_taken_from_freelist: 6.
num_chunk_merges: 0.
num_chunk_splits: 3.
num_chunks_enlarged: 1.
num_inconsistent_stats: 0.

CodeHeap 'non-profiled nmethods': size=120000Kb used=13Kb max_used=13Kb free=119986Kb
 bounds [0x0000024170090000, 0x0000024170300000, 0x00000241775c0000]
CodeHeap 'profiled nmethods': size=120000Kb used=67Kb max_used=67Kb free=119932Kb
 bounds [0x00000241685c0000, 0x0000024168830000, 0x000002416faf0000]
CodeHeap 'non-nmethods': size=5760Kb used=1304Kb max_used=1318Kb free=4455Kb
 bounds [0x000002416faf0000, 0x000002416fd60000, 0x0000024170090000]
 total_blobs=363 nmethods=58 adapters=216
 compilation: enabled
              stopped_count=0, restarted_count=0
 full_count=0

Compilation events (20 events):
Event: 0.033 Thread 0x000002417ce72890   48       1       java.util.ImmutableCollections$Set12::isEmpty (2 bytes)
Event: 0.033 Thread 0x000002417ce72890 nmethod 48 0x0000024170092a90 code [0x0000024170092c00, 0x0000024170092cc8]
Event: 0.033 Thread 0x000002417ce72890   49       3       java.lang.StringUTF16::getChar (60 bytes)
Event: 0.033 Thread 0x000002417ce72890 nmethod 49 0x00000241685cec10 code [0x00000241685ceda0, 0x00000241685cef10]
Event: 0.034 Thread 0x000002417ce72890   50       3       java.lang.AbstractStringBuilder::ensureCapacityInternal (39 bytes)
Event: 0.034 Thread 0x000002417ce72890 nmethod 50 0x00000241685cf010 code [0x00000241685cf1c0, 0x00000241685cf3e8]
Event: 0.034 Thread 0x000002417ce72890   51       3       java.lang.AbstractStringBuilder::isLatin1 (19 bytes)
Event: 0.034 Thread 0x000002417ce72890 nmethod 51 0x00000241685cf510 code [0x00000241685cf6a0, 0x00000241685cf820]
Event: 0.034 Thread 0x000002417ce72890   52       3       java.lang.StringLatin1::canEncode (13 bytes)
Event: 0.034 Thread 0x000002417ce72890 nmethod 52 0x00000241685cf890 code [0x00000241685cfa20, 0x00000241685cfb70]
Event: 0.034 Thread 0x000002417ce72890   53       3       java.lang.String::length (11 bytes)
Event: 0.034 Thread 0x000002417ce72890 nmethod 53 0x00000241685cfc10 code [0x00000241685cfda0, 0x00000241685cff40]
Event: 0.034 Thread 0x000002417ce72890   54       3       java.lang.String::isEmpty (14 bytes)
Event: 0.034 Thread 0x000002417ce72890 nmethod 54 0x00000241685d0010 code [0x00000241685d01a0, 0x00000241685d0318]
Event: 0.036 Thread 0x000002417cd5e680   56       4       java.lang.StringLatin1::hashCode (42 bytes)
Event: 0.036 Thread 0x000002417ce72890   57       3       java.lang.Math::min (11 bytes)
Event: 0.036 Thread 0x000002417ce72890 nmethod 57 0x00000241685d0410 code [0x00000241685d05a0, 0x00000241685d06e0]
Event: 0.036 Thread 0x000002417ce72890   58       3       java.lang.StringLatin1::indexOfChar (33 bytes)
Event: 0.036 Thread 0x000002417ce72890 nmethod 58 0x00000241685d0790 code [0x00000241685d0920, 0x00000241685d0b58]
Event: 0.038 Thread 0x000002417cd5e680 nmethod 56 0x0000024170093190 code [0x0000024170093300, 0x0000024170093478]

GC Heap History (0 events):
No events

Dll operation events (3 events):
Event: 0.005 Loaded shared library C:\Program Files\Java\jdk-20\bin\java.dll
Event: 0.012 Loaded shared library C:\Program Files\Java\jdk-20\bin\jsvml.dll
Event: 0.046 Loaded shared library C:\Users\Daniel\Visual Studio Code Projects\Graphiti_API_Library_0_1\binding\jgraphiti\libGraphitiJNI.dll

Deoptimization events (0 events):
No events

Classes loaded (10 events):
Event: 0.020 Loading class sun/nio/cs/IBM437
Event: 0.020 Loading class sun/nio/cs/IBM437 done
Event: 0.020 Loading class sun/nio/cs/IBM437$Holder
Event: 0.020 Loading class sun/nio/cs/IBM437$Holder done
Event: 0.033 Loading class jdk/internal/loader/URLClassPath$FileLoader
Event: 0.033 Loading class jdk/internal/loader/URLClassPath$FileLoader done
Event: 0.034 Loading class sun/nio/cs/UTF_8$Decoder
Event: 0.034 Loading class sun/nio/cs/UTF_8$Decoder done
Event: 0.034 Loading class jdk/internal/loader/URLClassPath$FileLoader$1
Event: 0.034 Loading class jdk/internal/loader/URLClassPath$FileLoader$1 done

Classes unloaded (0 events):
No events

Classes redefined (0 events):
No events

Internal exceptions (0 events):
No events

VM Operations (2 events):
Event: 1.027 Executing VM operation: Cleanup
Event: 1.028 Executing VM operation: Cleanup done

Events (11 events):
Event: 0.012 Thread 0x000002416050efe0 Thread added: 0x000002416050efe0
Event: 0.021 Thread 0x000002417cd539f0 Thread added: 0x000002417cd539f0
Event: 0.021 Thread 0x000002417cd54530 Thread added: 0x000002417cd54530
Event: 0.021 Thread 0x000002417cd57080 Thread added: 0x000002417cd57080
Event: 0.021 Thread 0x000002417cd599d0 Thread added: 0x000002417cd599d0
Event: 0.021 Thread 0x000002417cd5a310 Thread added: 0x000002417cd5a310
Event: 0.022 Thread 0x000002417cd5d400 Thread added: 0x000002417cd5d400
Event: 0.022 Thread 0x000002417cd5e680 Thread added: 0x000002417cd5e680
Event: 0.022 Thread 0x000002417ce72890 Thread added: 0x000002417ce72890
Event: 0.033 Thread 0x000002417cfccf30 Thread added: 0x000002417cfccf30
Event: 0.035 Thread 0x000002417cfd8980 Thread added: 0x000002417cfd8980


Dynamic libraries:
0x00007ff6fe630000 - 0x00007ff6fe640000 	C:\Program Files\Java\jdk-20\bin\java.exe
0x00007fff5b680000 - 0x00007fff5b8e7000 	C:\WINDOWS\SYSTEM32\ntdll.dll
0x00007fff59930000 - 0x00007fff599f9000 	C:\WINDOWS\System32\KERNEL32.DLL
0x00007fff58d40000 - 0x00007fff59130000 	C:\WINDOWS\System32\KERNELBASE.dll
0x00007fff59140000 - 0x00007fff5928b000 	C:\WINDOWS\System32\ucrtbase.dll
0x00007fff1a6b0000 - 0x00007fff1a6c9000 	C:\Program Files\Java\jdk-20\bin\jli.dll
0x00007fff164e0000 - 0x00007fff164fb000 	C:\Program Files\Java\jdk-20\bin\VCRUNTIME140.dll
0x00007fff597f0000 - 0x00007fff598a4000 	C:\WINDOWS\System32\ADVAPI32.dll
0x00007fff59530000 - 0x00007fff595d9000 	C:\WINDOWS\System32\msvcrt.dll
0x00007fff5a1b0000 - 0x00007fff5a256000 	C:\WINDOWS\System32\sechost.dll
0x00007fff59410000 - 0x00007fff59528000 	C:\WINDOWS\System32\RPCRT4.dll
0x00007fff5ad20000 - 0x00007fff5aee5000 	C:\WINDOWS\System32\USER32.dll
0x00007fff3e5e0000 - 0x00007fff3e87a000 	C:\WINDOWS\WinSxS\amd64_microsoft.windows.common-controls_6595b64144ccf1df_6.0.26100.4768_none_3e0c112ce331287c\COMCTL32.dll
0x00007fff587b0000 - 0x00007fff587d7000 	C:\WINDOWS\System32\win32u.dll
0x00007fff5a040000 - 0x00007fff5a06b000 	C:\WINDOWS\System32\GDI32.dll
0x00007fff58920000 - 0x00007fff58a58000 	C:\WINDOWS\System32\gdi32full.dll
0x00007fff587e0000 - 0x00007fff58883000 	C:\WINDOWS\System32\msvcp_win.dll
0x00007fff50f60000 - 0x00007fff50f6b000 	C:\WINDOWS\SYSTEM32\VERSION.dll
0x00007fff59af0000 - 0x00007fff59b1f000 	C:\WINDOWS\System32\IMM32.DLL
0x00007fff411c0000 - 0x00007fff411cc000 	C:\Program Files\Java\jdk-20\bin\vcruntime140_1.dll
0x00007ffee7910000 - 0x00007ffee799e000 	C:\Program Files\Java\jdk-20\bin\msvcp140.dll
0x00007ffe98530000 - 0x00007ffe991c7000 	C:\Program Files\Java\jdk-20\bin\server\jvm.dll
0x00007fff3f760000 - 0x00007fff3f76a000 	C:\WINDOWS\SYSTEM32\WSOCK32.dll
0x00007fff5a120000 - 0x00007fff5a194000 	C:\WINDOWS\System32\WS2_32.dll
0x00007fff4c230000 - 0x00007fff4c265000 	C:\WINDOWS\SYSTEM32\WINMM.dll
0x00007fff57500000 - 0x00007fff5751b000 	C:\WINDOWS\SYSTEM32\kernel.appcore.dll
0x00007fff41030000 - 0x00007fff4103a000 	C:\Program Files\Java\jdk-20\bin\jimage.dll
0x00007fff55dc0000 - 0x00007fff56001000 	C:\WINDOWS\SYSTEM32\DBGHELP.DLL
0x00007fff5aef0000 - 0x00007fff5b275000 	C:\WINDOWS\System32\combase.dll
0x00007fff59a00000 - 0x00007fff59ae0000 	C:\WINDOWS\System32\OLEAUT32.dll
0x00007fff25f60000 - 0x00007fff25fa3000 	C:\WINDOWS\SYSTEM32\dbgcore.DLL
0x00007fff58a60000 - 0x00007fff58af9000 	C:\WINDOWS\System32\bcryptPrimitives.dll
0x00007fff16360000 - 0x00007fff16386000 	C:\Program Files\Java\jdk-20\bin\java.dll
0x00007ffeb7980000 - 0x00007ffeb7a57000 	C:\Program Files\Java\jdk-20\bin\jsvml.dll
0x00007fff5a4c0000 - 0x00007fff5ac0d000 	C:\WINDOWS\System32\SHELL32.dll
0x00007fff58b00000 - 0x00007fff58c73000 	C:\WINDOWS\System32\wintypes.dll
0x00007fff56350000 - 0x00007fff56baf000 	C:\WINDOWS\SYSTEM32\windows.storage.dll
0x00007fff5ac20000 - 0x00007fff5ad15000 	C:\WINDOWS\System32\SHCORE.dll
0x00007fff59780000 - 0x00007fff597ea000 	C:\WINDOWS\System32\shlwapi.dll
0x00007fff586d0000 - 0x00007fff586f9000 	C:\WINDOWS\SYSTEM32\profapi.dll
0x00007ffeff480000 - 0x00007ffeff4a2000 	C:\Users\Daniel\Visual Studio Code Projects\Graphiti_API_Library_0_1\binding\jgraphiti\libGraphitiJNI.dll
0x00007ffe9f5d0000 - 0x00007ffe9f826000 	C:\msys64\mingw64\bin\libstdc++-6.dll
0x00007ffeeb740000 - 0x00007ffeeb76b000 	C:\msys64\mingw64\bin\libgcc_s_seh-1.dll
0x00007fff16340000 - 0x00007fff16356000 	C:\msys64\mingw64\bin\libwinpthread-1.dll
0x00007ffeeb100000 - 0x00007ffeeb13f000 	C:\Users\Daniel\graphiti\bin\libGraphiti.dll
0x00007fff57da0000 - 0x00007fff57dac000 	C:\WINDOWS\SYSTEM32\CRYPTBASE.DLL

dbghelp: loaded successfully - version: 4.0.5 - missing functions: none
symbol engine: initialized successfully - sym options: 0x614 - pdb path: .;C:\Program Files\Java\jdk-20\bin;C:\WINDOWS\SYSTEM32;C:\WINDOWS\WinSxS\amd64_microsoft.windows.common-controls_6595b64144ccf1df_6.0.26100.4768_none_3e0c112ce331287c;C:\Program Files\Java\jdk-20\bin\server;C:\Users\Daniel\Visual Studio Code Projects\Graphiti_API_Library_0_1\binding\jgraphiti;C:\msys64\mingw64\bin;C:\Users\Daniel\graphiti\bin

VM Arguments:
jvm_args: -Djava.library.path=binding/jgraphiti 
java_command: binding.examplej.Main
java_class_path (initial): .
Launcher Type: SUN_STANDARD

[Global flags]
     intx CICompilerCount                          = 4                                         {product} {ergonomic}
     uint ConcGCThreads                            = 2                                         {product} {ergonomic}
     uint G1ConcRefinementThreads                  = 8                                         {product} {ergonomic}
   size_t G1HeapRegionSize                         = 1048576                                   {product} {ergonomic}
    uintx GCDrainStackTargetSize                   = 64                                        {product} {ergonomic}
   size_t InitialHeapSize                          = 132120576                                 {product} {ergonomic}
   size_t MarkStackSize                            = 4194304                                   {product} {ergonomic}
   size_t MaxHeapSize                              = 2090860544                                {product} {ergonomic}
   size_t MaxNewSize                               = 1254096896                                {product} {ergonomic}
   size_t MinHeapDeltaBytes                        = 1048576                                   {product} {ergonomic}
   size_t MinHeapSize                              = 8388608                                   {product} {ergonomic}
    uintx NonNMethodCodeHeapSize                   = 5839372                                {pd product} {ergonomic}
    uintx NonProfiledCodeHeapSize                  = 122909434                              {pd product} {ergonomic}
    uintx ProfiledCodeHeapSize                     = 122909434                              {pd product} {ergonomic}
    uintx ReservedCodeCacheSize                    = 251658240                              {pd product} {ergonomic}
     bool SegmentedCodeCache                       = true                                      {product} {ergonomic}
   size_t SoftMaxHeapSize                          = 2090860544                             {manageable} {ergonomic}
     bool UseCompressedClassPointers               = true                           {product lp64_product} {ergonomic}
     bool UseCompressedOops                        = true                           {product lp64_product} {ergonomic}
     bool UseG1GC                                  = true                                      {product} {ergonomic}
     bool UseLargePagesIndividualAllocation        = false                                  {pd product} {ergonomic}

Logging:
Log output configuration:
 #0: stdout all=warning uptime,level,tags foldmultilines=false
 #1: stderr all=off uptime,level,tags foldmultilines=false

Environment Variables:
JAVA_HOME=C:\Program Files\Java\jdk-20
PATH=C:\tools\ninja;C:\Python312\Lib\site-packages\ninja;C:\Program Files (x86)\NVIDIA Corporation\PhysX\Common;C:\Users\sneha\AppData\Local\Programs\Python\Python312\;C:\Users\sneha\AppData\Local\Programs\Python\Python312\Scripts;C:\Python312\;C:\Python312\Scripts\;C:\Program Files (x86)\Microsoft SDKs\Azure\CLI2\wbin;C:\Program Files\Common Files\Oracle\Java\javapath;C:\Windows\System32;C:\Windows;C:\Windows\System32\wbem;C:\Windows\System32\WindowsPowerShell\v1.0\;C:\Windows\System32\OpenSSH\;C:\Program Files\Java\jdk-20\bin;C:\Program Files\apache-maven-3.9.3\bin;C:\Program Files\Git\cmd;C:\Program Files\dotnet\;C:\Program Files (x86)\WiX Toolset v3.11\bin;C:\Program Files\PuTTY\;C:\ProgramData\chocolatey\bin;C:\Program Files (x86)\GnuPG\bin;C:\Program Files\nodejs\;C:\Program Files\nodejs\node_modules\npm;C:\Program Files (x86)\Windows Kits\8.1\Windows Performance Toolkit\;C:\Program Files\CMake\bin;C:\Program Files (x86)\Windows Kits\10\Windows Performance Toolkit\;C:\msys64\mingw64\bin;;C:\Program Files\doxygen\bin;C:\Users\Daniel\AppData\Local\Programs\Python\Python311\;C:\Users\Daniel\AppData\Local\Programs\Python\Python311\Scripts\;C:\tools\ninja;C:\Python312\Lib\site-packages\ninja;C:\Program Files (x86)\NVIDIA Corporation\PhysX\Common;C:\Users\sneha\AppData\Local\Programs\Python\Python312\;C:\Users\sneha\AppData\Local\Programs\Python\Python312\Scripts;C:\Python312\;C:\Python312\Scripts\;C:\Program Files (x86)\Microsoft SDKs\Azure\CLI2\wbin;C:\Program Files\Common Files\Oracle\Java\javapath;C:\Windows\System32;C:\Windows;C:\Windows\System32\wbem;C:\Windows\System32\WindowsPowerShell\v1.0\;C:\Windows\System32\OpenSSH\;C:\Program Files\Java\jdk-20\bin;C:\Program Files\apache-maven-3.9.3\bin;C:\Program Files\Git\cmd;C:\Program Files\dotnet\;C:\Program Files (x86)\WiX Toolset v3.11\bin;C:\Program Files\PuTTY\;C:\ProgramData\chocolatey\bin;C:\Program Files (x86)\GnuPG\bin;C:\Program Files\nodejs\;C:\Program Files\nodejs\node_modules\npm;C:\Program Files (x86)\Windows Kits\8.1\Windows Performance Toolkit\;C:\Program Files\CMake\bin;C:\Program Files (x86)\Windows Kits\10\Windows Performance Toolkit\;C:\msys64\mingw64\bin;;C:\Program Files\doxygen\bin;;C:\Python311\Scripts\;C:\Users\Daniel\AppData\Local\Programs\Microsoft VS Code\bin;C:\Users\Daniel\vcpkg\;C:\Users\Daniel\graphiti\bin;C:\Users\Daniel\AppData\Local\Programs\MiKTeX\miktex\bin\x64\;c:\Users\Daniel\.vscode\extensions\ms-python.debugpy-2025.10.0-win32-x64\bundled\scripts\noConfigScripts
USERNAME=Daniel
LANG=en_US.UTF-8
OS=Windows_NT
PROCESSOR_IDENTIFIER=Intel64 Family 6 Model 140 Stepping 1, GenuineIntel
TMP=C:\Users\Daniel\AppData\Local\Temp
TEMP=C:\Users\Daniel\AppData\Local\Temp




---------------  S Y S T E M  ---------------

OS:
 Windows 11 , 64 bit Build 26100 (10.0.26100.4768)
OS uptime: 9 days 18:28 hours
Hyper-V role detected

CPU: total 8 (initial active 8) (4 cores per cpu, 2 threads per core) family 6 model 140 stepping 1 microcode 0xa6, cx8, cmov, fxsr, ht, mmx, 3dnowpref, sse, sse2, sse3, ssse3, sse4.1, sse4.2, popcnt, lzcnt, tsc, tscinvbit, avx, avx2, aes, erms, clmul, bmi1, bmi2, adx, avx512f, avx512dq, avx512cd, avx512bw, avx512vl, sha, fma, vzeroupper, avx512_vpopcntdq, avx512_vpclmulqdq, avx512_vaes, avx512_vnni, clflush, clflushopt, clwb, avx512_vbmi2, avx512_vbmi, hv, rdtscp, rdpid, fsrm, gfni, avx512_bitalg, f16c, cet_ibt, cet_ss, avx512_ifma

Memory: 4k page, system-wide physical 7975M (1223M free)
TotalPageFile size 19137M (AvailPageFile size 5512M)
current process WorkingSet (physical memory assigned to process): 31M, peak: 31M
current process commit charge ("private bytes"): 207M, peak: 207M

vm_info: Java HotSpot(TM) 64-Bit Server VM (20.0.1+9-29) for windows-amd64 JRE (20.0.1+9-29), built on 2023-03-07T13:56:11Z by "mach5one" with MS VC++ 17.1 (VS2022)

END.
