#
# A fatal error has been detected by the Java Runtime Environment:
#
#  EXCEPTION_ACCESS_VIOLATION (0xc0000005) at pc=0x00007fff04b3439c, pid=7676, tid=19884
#
# JRE version: Java(TM) SE Runtime Environment (20.0.1+9) (build 20.0.1+9-29)
# Java VM: Java HotSpot(TM) 64-Bit Server VM (20.0.1+9-29, mixed mode, sharing, tiered, compressed oops, compressed class ptrs, g1 gc, windows-amd64)
# Problematic frame:
# C  [libGraphiti.dll+0x439c]
#
# No core dump will be written. Minidumps are not enabled by default on client versions of Windows
#
# If you would like to submit a bug report, please visit:
#   https://bugreport.java.com/bugreport/crash.jsp
# The crash happened outside the Java Virtual Machine in native code.
# See problematic frame for where to report the bug.
#

---------------  S U M M A R Y ------------

Command Line: -Djava.library.path=binding/jgraphiti binding.examplej.Main

Host: 11th Gen Intel(R) Core(TM) i5-1135G7 @ 2.40GHz, 8 cores, 7G,  Windows 11 , 64 bit Build 26100 (10.0.26100.4768)
Time: Mon Aug  4 14:31:23 2025 Eastern Daylight Time elapsed time: 2.067333 seconds (0d 0h 0m 2s)

---------------  T H R E A D  ---------------

Current thread (0x000001914a800b40):  JavaThread "main" [_thread_in_native, id=19884, stack(0x0000000dda000000,0x0000000dda100000)]

Stack: [0x0000000dda000000,0x0000000dda100000],  sp=0x0000000dda0ff0f0,  free space=1020k
Native frames: (J=compiled Java code, j=interpreted, Vv=VM code, C=native code)
C  [libGraphiti.dll+0x439c]

Java frames: (J=compiled Java code, j=interpreted, Vv=VM code)
j  binding.jgraphiti.Graphiti.getSoftwareVersion(J)V+0
j  binding.examplej.Main.main([Ljava/lang/String;)V+39
v  ~StubRoutines::call_stub 0x0000019159de10e7

siginfo: EXCEPTION_ACCESS_VIOLATION (0xc0000005), reading address 0x0000000000000000


Registers:
RAX=0x00000191671862b0, RBX=0x000001914871e053, RCX=0x0000000000000000, RDX=0x0000000dda0ff1d0
RSP=0x0000000dda0ff0f0, RBP=0x0000000dda0ff1d0, RSI=0x0000000000000004, RDI=0x000001914871e090
R8 =0x7ffffffffffffffc, R9 =0x000001914871e0b0, R10=0x000001914871e3c0, R11=0x0000000dda0fefa0
R12=0x000001914871e070, R13=0x000001914871e054, R14=0x000001914871e092, R15=0x0000000000000001
RIP=0x00007fff04b3439c, EFLAGS=0x0000000000010202


Register to memory mapping:

RIP=0x00007fff04b3439c libGraphiti.dll
RAX=0x00000191671862b0 points into unknown readable memory: 0x0000000000000000 | 00 00 00 00 00 00 00 00
RBX=0x000001914871e053 points into unknown readable memory: 48 91 01 00 00
RCX=0x0 is NULL
RDX=0x0000000dda0ff1d0 is pointing into the stack for thread: 0x000001914a800b40
RSP=0x0000000dda0ff0f0 is pointing into the stack for thread: 0x000001914a800b40
RBP=0x0000000dda0ff1d0 is pointing into the stack for thread: 0x000001914a800b40
RSI=0x0000000000000004 is an unknown value
RDI=0x000001914871e090 points into unknown readable memory: 0x000001914871e3c0 | c0 e3 71 48 91 01 00 00
R8 =0x7ffffffffffffffc is an unknown value
R9 =0x000001914871e0b0 points into unknown readable memory: 0x000001914871e3c0 | c0 e3 71 48 91 01 00 00
R10=0x000001914871e3c0 points into unknown readable memory: 0x0000019148710150 | 50 01 71 48 91 01 00 00
R11=0x0000000dda0fefa0 is pointing into the stack for thread: 0x000001914a800b40
R12=0x000001914871e070 points into unknown readable memory: 0x000001914871e3ff | ff e3 71 48 91 01 00 00
R13=0x000001914871e054 points into unknown readable memory: 91 01 00 00
R14=0x000001914871e092 points into unknown readable memory: 71 48 91 01 00 00
R15=0x0000000000000001 is an unknown value


Top of Stack: (sp=0x0000000dda0ff0f0)
0x0000000dda0ff0f0:   00000000000007d0 0000000dda0ff280
0x0000000dda0ff100:   0000000dda0ff1c0 00007ffe994007bc
0x0000000dda0ff110:   00000191671862b0 0000000000000001
0x0000000dda0ff120:   0000000dda0ff13f 0000000000000001
0x0000000dda0ff130:   0000019167801918 ff00000000000000
0x0000000dda0ff140:   000001914871e070 000001914871e071
0x0000000dda0ff150:   000001914871e071 0000000000000001
0x0000000dda0ff160:   0000000000000010 00000191671862b0
0x0000000dda0ff170:   0000000000000010 0000019159dfde8a
0x0000000dda0ff180:   0000000dda0ff288 0000000000000000
0x0000000dda0ff190:   0000019167801918 0000000dda0ff2b8
0x0000000dda0ff1a0:   000001914a800b40 00007fff04b352e5
0x0000000dda0ff1b0:   0000019167801918 000001914a800b40
0x0000000dda0ff1c0:   0000019159dfde8a 0000019159e01f6e
0x0000000dda0ff1d0:   000001914871e050 000001914871e053
0x0000000dda0ff1e0:   000001914871e054 0000019159e02815
0x0000000dda0ff1f0:   0000019167801918 0000019159e020f3
0x0000000dda0ff200:   0000019159dfde8a 0000019159e01dd9
0x0000000dda0ff210:   0000019167801918 0000000000000010
0x0000000dda0ff220:   0000019159e01d96 0000000dda0ff228
0x0000000dda0ff230:   0000019159e01d96 0000019159e01d96
0x0000000dda0ff240:   0000000dda0ff240 0000019167801918
0x0000000dda0ff250:   0000000dda0ff2b8 0000019167802b30
0x0000000dda0ff260:   0000000000000000 000000008b21d770
0x0000000dda0ff270:   0000019167801918 0000000000000000
0x0000000dda0ff280:   0000000dda0ff2a8 0000000dda0ff308
0x0000000dda0ff290:   0000019159dfde8a 0000000000000000
0x0000000dda0ff2a0:   0000019159dff897 00000191671862b0
0x0000000dda0ff2b0:   0000000000000000 000000008b21e900
0x0000000dda0ff2c0:   0000000dda0ff2c0 00000191678003df
0x0000000dda0ff2d0:   0000000dda0ff330 0000019167800470
0x0000000dda0ff2e0:   0000000000000000 000000008b21bb50 

Instructions: (pc=0x00007fff04b3439c)
0x00007fff04b3429c:   07 41 f6 c3 07 74 76 49 83 e3 f8 4d 01 da 4c 01
0x00007fff04b342ac:   d9 0f b6 01 41 88 02 48 8d 41 01 48 39 c3 74 5d
0x00007fff04b342bc:   0f b6 41 01 41 88 42 01 48 8d 41 02 48 39 c3 74
0x00007fff04b342cc:   4c 0f b6 41 02 41 88 42 02 48 8d 41 03 48 39 c3
0x00007fff04b342dc:   74 3b 0f b6 41 03 41 88 42 03 48 8d 41 04 48 39
0x00007fff04b342ec:   c3 74 2a 0f b6 41 04 41 88 42 04 48 8d 41 05 48
0x00007fff04b342fc:   39 c3 74 19 0f b6 41 05 41 88 42 05 48 8d 41 06
0x00007fff04b3430c:   48 39 c3 74 08 0f b6 41 06 41 88 42 06 48 8d 0c
0x00007fff04b3431c:   17 4d 89 f8 4c 89 e2 e8 d8 fe 00 00 4a 8d 1c 38
0x00007fff04b3432c:   48 85 f6 0f 85 b0 01 00 00 4e 8d 34 2f 48 89 7d
0x00007fff04b3433c:   00 48 89 5d 08 4c 89 75 10 4c 39 f3 0f 84 e1 00
0x00007fff04b3434c:   00 00 48 39 fb 0f 84 89 00 00 00 0f b6 43 ff 48
0x00007fff04b3435c:   89 fa 88 03 48 8b 4d 08 48 8d 41 01 48 89 45 08
0x00007fff04b3436c:   48 8d 41 ff 49 89 c0 48 29 c2 49 29 f8 48 01 d1
0x00007fff04b3437c:   49 83 f8 01 0f 8e 97 01 00 00 48 89 fa e8 7a fe
0x00007fff04b3438c:   00 00 c6 07 1b 48 8b 44 24 20 48 89 ea 48 8b 08
0x00007fff04b3439c:   48 8b 01 ff 50 20 4d 85 e4 74 21 48 8b 54 24 28
0x00007fff04b343ac:   4c 89 e1 48 83 c4 78 5b 5e 5f 5d 41 5c 41 5d 41
0x00007fff04b343bc:   5e 41 5f e9 14 ec 00 00 0f 1f 40 00 48 83 c4 78
0x00007fff04b343cc:   5b 5e 5f 5d 41 5c 41 5d 41 5e 41 5f c3 0f 1f 80
0x00007fff04b343dc:   00 00 00 00 c6 03 1b 48 83 45 08 01 eb a7 66 0f
0x00007fff04b343ec:   1f 44 00 00 b9 02 00 00 00 e8 d6 eb 00 00 4c 8b
0x00007fff04b343fc:   75 10 48 c7 44 24 28 02 00 00 00 49 89 c4 4c 8d
0x00007fff04b3440c:   40 02 0f b7 05 03 91 01 00 66 41 89 04 24 4d 39
0x00007fff04b3441c:   e0 0f 85 a2 fd ff ff 48 89 f7 4c 39 f3 0f 85 1f
0x00007fff04b3442c:   ff ff ff 48 b8 ff ff ff ff ff ff ff 7f 48 29 fb
0x00007fff04b3443c:   48 39 c3 0f 84 5d 01 00 00 48 85 db be 01 00 00
0x00007fff04b3444c:   00 48 b8 ff ff ff ff ff ff ff 7f 48 0f 45 f3 48
0x00007fff04b3445c:   01 de 48 39 c6 48 0f 47 f0 48 89 f1 e8 63 eb 00
0x00007fff04b3446c:   00 c6 00 1b 49 89 c5 48 8d 48 01 48 85 db 74 0e
0x00007fff04b3447c:   49 89 d8 48 89 fa e8 79 fd 00 00 48 89 c1 48 01
0x00007fff04b3448c:   cb 48 85 ff 74 0e 4c 89 f2 48 89 f9 48 29 fa e8 


Stack slot to memory mapping:
stack at sp + 0 slots: 0x00000000000007d0 is an unknown value
stack at sp + 1 slots: 0x0000000dda0ff280 is pointing into the stack for thread: 0x000001914a800b40
stack at sp + 2 slots: 0x0000000dda0ff1c0 is pointing into the stack for thread: 0x000001914a800b40
stack at sp + 3 slots: 0x00007ffe994007bc jvm.dll
stack at sp + 4 slots: 0x00000191671862b0 points into unknown readable memory: 0x0000000000000000 | 00 00 00 00 00 00 00 00
stack at sp + 5 slots: 0x0000000000000001 is an unknown value
stack at sp + 6 slots: 0x0000000dda0ff13f is pointing into the stack for thread: 0x000001914a800b40
stack at sp + 7 slots: 0x0000000000000001 is an unknown value


---------------  P R O C E S S  ---------------

Threads class SMR info:
_java_thread_list=0x000001916b51e650, length=11, elements={
0x000001914a800b40, 0x0000019167015810, 0x0000019167016350, 0x000001916701adb0,
0x000001916701b950, 0x000001916701ceb0, 0x000001916701dea0, 0x0000019167027a40,
0x0000019167025620, 0x000001916701c960, 0x000001916701ee90
}

Java Threads: ( => current thread )
=>0x000001914a800b40 JavaThread "main" [_thread_in_native, id=19884, stack(0x0000000dda000000,0x0000000dda100000)]
  0x0000019167015810 JavaThread "Reference Handler" daemon [_thread_blocked, id=12900, stack(0x0000000dda700000,0x0000000dda800000)]
  0x0000019167016350 JavaThread "Finalizer" daemon [_thread_blocked, id=13228, stack(0x0000000dda800000,0x0000000dda900000)]
  0x000001916701adb0 JavaThread "Signal Dispatcher" daemon [_thread_blocked, id=15632, stack(0x0000000dda900000,0x0000000ddaa00000)]
  0x000001916701b950 JavaThread "Attach Listener" daemon [_thread_blocked, id=26228, stack(0x0000000ddaa00000,0x0000000ddab00000)]
  0x000001916701ceb0 JavaThread "Service Thread" daemon [_thread_blocked, id=6736, stack(0x0000000ddab00000,0x0000000ddac00000)]
  0x000001916701dea0 JavaThread "Monitor Deflation Thread" daemon [_thread_blocked, id=25280, stack(0x0000000ddac00000,0x0000000ddad00000)]
  0x0000019167027a40 JavaThread "C2 CompilerThread0" daemon [_thread_blocked, id=11208, stack(0x0000000ddad00000,0x0000000ddae00000)]
  0x0000019167025620 JavaThread "C1 CompilerThread0" daemon [_thread_blocked, id=5196, stack(0x0000000ddae00000,0x0000000ddaf00000)]
  0x000001916701c960 JavaThread "Notification Thread" daemon [_thread_blocked, id=26628, stack(0x0000000ddaf00000,0x0000000ddb000000)]
  0x000001916701ee90 JavaThread "Common-Cleaner" daemon [_thread_blocked, id=13472, stack(0x0000000ddb100000,0x0000000ddb200000)]

Other Threads:
  0x0000019166ff6740 VMThread "VM Thread" [stack: 0x0000000dda600000,0x0000000dda700000] [id=24168]
  0x000001916b523770 WatcherThread "VM Periodic Task Thread" [stack: 0x0000000ddb000000,0x0000000ddb100000] [id=17272]
  0x000001914a861130 WorkerThread "GC Thread#0" [stack: 0x0000000dda100000,0x0000000dda200000] [id=25832]
  0x000001914a871910 ConcurrentGCThread "G1 Main Marker" [stack: 0x0000000dda200000,0x0000000dda300000] [id=16200]
  0x000001914a872250 WorkerThread "G1 Conc#0" [stack: 0x0000000dda300000,0x0000000dda400000] [id=5872]
  0x0000019166eb7160 ConcurrentGCThread "G1 Refine#0" [stack: 0x0000000dda400000,0x0000000dda500000] [id=26504]
  0x0000019166eb78b0 ConcurrentGCThread "G1 Service" [stack: 0x0000000dda500000,0x0000000dda600000] [id=10904]

Threads with active compile tasks:

VM state: not at safepoint (normal execution)

VM Mutex/Monitor currently owned by a thread: None

Heap address: 0x0000000083600000, size: 1994 MB, Compressed Oops mode: 32-bit

CDS archive(s) mapped at: [0x0000000800000000-0x0000000800c60000-0x0000000800c60000), size 12976128, SharedBaseAddress: 0x0000000800000000, ArchiveRelocationMode: 0.
Compressed class space mapped at: 0x0000000801000000-0x0000000841000000, reserved size: 1073741824
Narrow klass base: 0x0000000800000000, Narrow klass shift: 0, Narrow klass range: 0x100000000

GC Precious Log:
 CardTable entry size: 512
 Card Set container configuration: InlinePtr #cards 5 size 8 Array Of Cards #cards 12 size 40 Howl #buckets 4 coarsen threshold 1843 Howl Bitmap #cards 512 size 80 coarsen threshold 460 Card regions per heap region 1 cards per card region 2048
 CPUs: 8 total, 8 available
 Memory: 7975M
 Large Page Support: Disabled
 NUMA Support: Disabled
 Compressed Oops: Enabled (32-bit)
 Heap Region Size: 1M
 Heap Min Capacity: 8M
 Heap Initial Capacity: 126M
 Heap Max Capacity: 1994M
 Pre-touch: Disabled
 Parallel Workers: 8
 Concurrent Workers: 2
 Concurrent Refinement Workers: 8
 Periodic GC: Disabled

Heap:
 garbage-first heap   total 129024K, used 1024K [0x0000000083600000, 0x0000000100000000)
  region size 1024K, 2 young (2048K), 0 survivors (0K)
 Metaspace       used 156K, committed 384K, reserved 1114112K
  class space    used 6K, committed 128K, reserved 1048576K

Heap Regions: E=young(eden), S=young(survivor), O=old, HS=humongous(starts), HC=humongous(continues), CS=collection set, F=free, OA=open archive, CA=closed archive, TAMS=top-at-mark-start, PB=parsable bottom
|   0|0x0000000083600000, 0x0000000083600000, 0x0000000083700000|  0%| F|  |TAMS 0x0000000083600000| PB 0x0000000083600000| Untracked 
|   1|0x0000000083700000, 0x0000000083700000, 0x0000000083800000|  0%| F|  |TAMS 0x0000000083700000| PB 0x0000000083700000| Untracked 
|   2|0x0000000083800000, 0x0000000083800000, 0x0000000083900000|  0%| F|  |TAMS 0x0000000083800000| PB 0x0000000083800000| Untracked 
|   3|0x0000000083900000, 0x0000000083900000, 0x0000000083a00000|  0%| F|  |TAMS 0x0000000083900000| PB 0x0000000083900000| Untracked 
|   4|0x0000000083a00000, 0x0000000083a00000, 0x0000000083b00000|  0%| F|  |TAMS 0x0000000083a00000| PB 0x0000000083a00000| Untracked 
|   5|0x0000000083b00000, 0x0000000083b00000, 0x0000000083c00000|  0%| F|  |TAMS 0x0000000083b00000| PB 0x0000000083b00000| Untracked 
|   6|0x0000000083c00000, 0x0000000083c00000, 0x0000000083d00000|  0%| F|  |TAMS 0x0000000083c00000| PB 0x0000000083c00000| Untracked 
|   7|0x0000000083d00000, 0x0000000083d00000, 0x0000000083e00000|  0%| F|  |TAMS 0x0000000083d00000| PB 0x0000000083d00000| Untracked 
|   8|0x0000000083e00000, 0x0000000083e00000, 0x0000000083f00000|  0%| F|  |TAMS 0x0000000083e00000| PB 0x0000000083e00000| Untracked 
|   9|0x0000000083f00000, 0x0000000083f00000, 0x0000000084000000|  0%| F|  |TAMS 0x0000000083f00000| PB 0x0000000083f00000| Untracked 
|  10|0x0000000084000000, 0x0000000084000000, 0x0000000084100000|  0%| F|  |TAMS 0x0000000084000000| PB 0x0000000084000000| Untracked 
|  11|0x0000000084100000, 0x0000000084100000, 0x0000000084200000|  0%| F|  |TAMS 0x0000000084100000| PB 0x0000000084100000| Untracked 
|  12|0x0000000084200000, 0x0000000084200000, 0x0000000084300000|  0%| F|  |TAMS 0x0000000084200000| PB 0x0000000084200000| Untracked 
|  13|0x0000000084300000, 0x0000000084300000, 0x0000000084400000|  0%| F|  |TAMS 0x0000000084300000| PB 0x0000000084300000| Untracked 
|  14|0x0000000084400000, 0x0000000084400000, 0x0000000084500000|  0%| F|  |TAMS 0x0000000084400000| PB 0x0000000084400000| Untracked 
|  15|0x0000000084500000, 0x0000000084500000, 0x0000000084600000|  0%| F|  |TAMS 0x0000000084500000| PB 0x0000000084500000| Untracked 
|  16|0x0000000084600000, 0x0000000084600000, 0x0000000084700000|  0%| F|  |TAMS 0x0000000084600000| PB 0x0000000084600000| Untracked 
|  17|0x0000000084700000, 0x0000000084700000, 0x0000000084800000|  0%| F|  |TAMS 0x0000000084700000| PB 0x0000000084700000| Untracked 
|  18|0x0000000084800000, 0x0000000084800000, 0x0000000084900000|  0%| F|  |TAMS 0x0000000084800000| PB 0x0000000084800000| Untracked 
|  19|0x0000000084900000, 0x0000000084900000, 0x0000000084a00000|  0%| F|  |TAMS 0x0000000084900000| PB 0x0000000084900000| Untracked 
|  20|0x0000000084a00000, 0x0000000084a00000, 0x0000000084b00000|  0%| F|  |TAMS 0x0000000084a00000| PB 0x0000000084a00000| Untracked 
|  21|0x0000000084b00000, 0x0000000084b00000, 0x0000000084c00000|  0%| F|  |TAMS 0x0000000084b00000| PB 0x0000000084b00000| Untracked 
|  22|0x0000000084c00000, 0x0000000084c00000, 0x0000000084d00000|  0%| F|  |TAMS 0x0000000084c00000| PB 0x0000000084c00000| Untracked 
|  23|0x0000000084d00000, 0x0000000084d00000, 0x0000000084e00000|  0%| F|  |TAMS 0x0000000084d00000| PB 0x0000000084d00000| Untracked 
|  24|0x0000000084e00000, 0x0000000084e00000, 0x0000000084f00000|  0%| F|  |TAMS 0x0000000084e00000| PB 0x0000000084e00000| Untracked 
|  25|0x0000000084f00000, 0x0000000084f00000, 0x0000000085000000|  0%| F|  |TAMS 0x0000000084f00000| PB 0x0000000084f00000| Untracked 
|  26|0x0000000085000000, 0x0000000085000000, 0x0000000085100000|  0%| F|  |TAMS 0x0000000085000000| PB 0x0000000085000000| Untracked 
|  27|0x0000000085100000, 0x0000000085100000, 0x0000000085200000|  0%| F|  |TAMS 0x0000000085100000| PB 0x0000000085100000| Untracked 
|  28|0x0000000085200000, 0x0000000085200000, 0x0000000085300000|  0%| F|  |TAMS 0x0000000085200000| PB 0x0000000085200000| Untracked 
|  29|0x0000000085300000, 0x0000000085300000, 0x0000000085400000|  0%| F|  |TAMS 0x0000000085300000| PB 0x0000000085300000| Untracked 
|  30|0x0000000085400000, 0x0000000085400000, 0x0000000085500000|  0%| F|  |TAMS 0x0000000085400000| PB 0x0000000085400000| Untracked 
|  31|0x0000000085500000, 0x0000000085500000, 0x0000000085600000|  0%| F|  |TAMS 0x0000000085500000| PB 0x0000000085500000| Untracked 
|  32|0x0000000085600000, 0x0000000085600000, 0x0000000085700000|  0%| F|  |TAMS 0x0000000085600000| PB 0x0000000085600000| Untracked 
|  33|0x0000000085700000, 0x0000000085700000, 0x0000000085800000|  0%| F|  |TAMS 0x0000000085700000| PB 0x0000000085700000| Untracked 
|  34|0x0000000085800000, 0x0000000085800000, 0x0000000085900000|  0%| F|  |TAMS 0x0000000085800000| PB 0x0000000085800000| Untracked 
|  35|0x0000000085900000, 0x0000000085900000, 0x0000000085a00000|  0%| F|  |TAMS 0x0000000085900000| PB 0x0000000085900000| Untracked 
|  36|0x0000000085a00000, 0x0000000085a00000, 0x0000000085b00000|  0%| F|  |TAMS 0x0000000085a00000| PB 0x0000000085a00000| Untracked 
|  37|0x0000000085b00000, 0x0000000085b00000, 0x0000000085c00000|  0%| F|  |TAMS 0x0000000085b00000| PB 0x0000000085b00000| Untracked 
|  38|0x0000000085c00000, 0x0000000085c00000, 0x0000000085d00000|  0%| F|  |TAMS 0x0000000085c00000| PB 0x0000000085c00000| Untracked 
|  39|0x0000000085d00000, 0x0000000085d00000, 0x0000000085e00000|  0%| F|  |TAMS 0x0000000085d00000| PB 0x0000000085d00000| Untracked 
|  40|0x0000000085e00000, 0x0000000085e00000, 0x0000000085f00000|  0%| F|  |TAMS 0x0000000085e00000| PB 0x0000000085e00000| Untracked 
|  41|0x0000000085f00000, 0x0000000085f00000, 0x0000000086000000|  0%| F|  |TAMS 0x0000000085f00000| PB 0x0000000085f00000| Untracked 
|  42|0x0000000086000000, 0x0000000086000000, 0x0000000086100000|  0%| F|  |TAMS 0x0000000086000000| PB 0x0000000086000000| Untracked 
|  43|0x0000000086100000, 0x0000000086100000, 0x0000000086200000|  0%| F|  |TAMS 0x0000000086100000| PB 0x0000000086100000| Untracked 
|  44|0x0000000086200000, 0x0000000086200000, 0x0000000086300000|  0%| F|  |TAMS 0x0000000086200000| PB 0x0000000086200000| Untracked 
|  45|0x0000000086300000, 0x0000000086300000, 0x0000000086400000|  0%| F|  |TAMS 0x0000000086300000| PB 0x0000000086300000| Untracked 
|  46|0x0000000086400000, 0x0000000086400000, 0x0000000086500000|  0%| F|  |TAMS 0x0000000086400000| PB 0x0000000086400000| Untracked 
|  47|0x0000000086500000, 0x0000000086500000, 0x0000000086600000|  0%| F|  |TAMS 0x0000000086500000| PB 0x0000000086500000| Untracked 
|  48|0x0000000086600000, 0x0000000086600000, 0x0000000086700000|  0%| F|  |TAMS 0x0000000086600000| PB 0x0000000086600000| Untracked 
|  49|0x0000000086700000, 0x0000000086700000, 0x0000000086800000|  0%| F|  |TAMS 0x0000000086700000| PB 0x0000000086700000| Untracked 
|  50|0x0000000086800000, 0x0000000086800000, 0x0000000086900000|  0%| F|  |TAMS 0x0000000086800000| PB 0x0000000086800000| Untracked 
|  51|0x0000000086900000, 0x0000000086900000, 0x0000000086a00000|  0%| F|  |TAMS 0x0000000086900000| PB 0x0000000086900000| Untracked 
|  52|0x0000000086a00000, 0x0000000086a00000, 0x0000000086b00000|  0%| F|  |TAMS 0x0000000086a00000| PB 0x0000000086a00000| Untracked 
|  53|0x0000000086b00000, 0x0000000086b00000, 0x0000000086c00000|  0%| F|  |TAMS 0x0000000086b00000| PB 0x0000000086b00000| Untracked 
|  54|0x0000000086c00000, 0x0000000086c00000, 0x0000000086d00000|  0%| F|  |TAMS 0x0000000086c00000| PB 0x0000000086c00000| Untracked 
|  55|0x0000000086d00000, 0x0000000086d00000, 0x0000000086e00000|  0%| F|  |TAMS 0x0000000086d00000| PB 0x0000000086d00000| Untracked 
|  56|0x0000000086e00000, 0x0000000086e00000, 0x0000000086f00000|  0%| F|  |TAMS 0x0000000086e00000| PB 0x0000000086e00000| Untracked 
|  57|0x0000000086f00000, 0x0000000086f00000, 0x0000000087000000|  0%| F|  |TAMS 0x0000000086f00000| PB 0x0000000086f00000| Untracked 
|  58|0x0000000087000000, 0x0000000087000000, 0x0000000087100000|  0%| F|  |TAMS 0x0000000087000000| PB 0x0000000087000000| Untracked 
|  59|0x0000000087100000, 0x0000000087100000, 0x0000000087200000|  0%| F|  |TAMS 0x0000000087100000| PB 0x0000000087100000| Untracked 
|  60|0x0000000087200000, 0x0000000087200000, 0x0000000087300000|  0%| F|  |TAMS 0x0000000087200000| PB 0x0000000087200000| Untracked 
|  61|0x0000000087300000, 0x0000000087300000, 0x0000000087400000|  0%| F|  |TAMS 0x0000000087300000| PB 0x0000000087300000| Untracked 
|  62|0x0000000087400000, 0x0000000087400000, 0x0000000087500000|  0%| F|  |TAMS 0x0000000087400000| PB 0x0000000087400000| Untracked 
|  63|0x0000000087500000, 0x0000000087500000, 0x0000000087600000|  0%| F|  |TAMS 0x0000000087500000| PB 0x0000000087500000| Untracked 
|  64|0x0000000087600000, 0x0000000087600000, 0x0000000087700000|  0%| F|  |TAMS 0x0000000087600000| PB 0x0000000087600000| Untracked 
|  65|0x0000000087700000, 0x0000000087700000, 0x0000000087800000|  0%| F|  |TAMS 0x0000000087700000| PB 0x0000000087700000| Untracked 
|  66|0x0000000087800000, 0x0000000087800000, 0x0000000087900000|  0%| F|  |TAMS 0x0000000087800000| PB 0x0000000087800000| Untracked 
|  67|0x0000000087900000, 0x0000000087900000, 0x0000000087a00000|  0%| F|  |TAMS 0x0000000087900000| PB 0x0000000087900000| Untracked 
|  68|0x0000000087a00000, 0x0000000087a00000, 0x0000000087b00000|  0%| F|  |TAMS 0x0000000087a00000| PB 0x0000000087a00000| Untracked 
|  69|0x0000000087b00000, 0x0000000087b00000, 0x0000000087c00000|  0%| F|  |TAMS 0x0000000087b00000| PB 0x0000000087b00000| Untracked 
|  70|0x0000000087c00000, 0x0000000087c00000, 0x0000000087d00000|  0%| F|  |TAMS 0x0000000087c00000| PB 0x0000000087c00000| Untracked 
|  71|0x0000000087d00000, 0x0000000087d00000, 0x0000000087e00000|  0%| F|  |TAMS 0x0000000087d00000| PB 0x0000000087d00000| Untracked 
|  72|0x0000000087e00000, 0x0000000087e00000, 0x0000000087f00000|  0%| F|  |TAMS 0x0000000087e00000| PB 0x0000000087e00000| Untracked 
|  73|0x0000000087f00000, 0x0000000087f00000, 0x0000000088000000|  0%| F|  |TAMS 0x0000000087f00000| PB 0x0000000087f00000| Untracked 
|  74|0x0000000088000000, 0x0000000088000000, 0x0000000088100000|  0%| F|  |TAMS 0x0000000088000000| PB 0x0000000088000000| Untracked 
|  75|0x0000000088100000, 0x0000000088100000, 0x0000000088200000|  0%| F|  |TAMS 0x0000000088100000| PB 0x0000000088100000| Untracked 
|  76|0x0000000088200000, 0x0000000088200000, 0x0000000088300000|  0%| F|  |TAMS 0x0000000088200000| PB 0x0000000088200000| Untracked 
|  77|0x0000000088300000, 0x0000000088300000, 0x0000000088400000|  0%| F|  |TAMS 0x0000000088300000| PB 0x0000000088300000| Untracked 
|  78|0x0000000088400000, 0x0000000088400000, 0x0000000088500000|  0%| F|  |TAMS 0x0000000088400000| PB 0x0000000088400000| Untracked 
|  79|0x0000000088500000, 0x0000000088500000, 0x0000000088600000|  0%| F|  |TAMS 0x0000000088500000| PB 0x0000000088500000| Untracked 
|  80|0x0000000088600000, 0x0000000088600000, 0x0000000088700000|  0%| F|  |TAMS 0x0000000088600000| PB 0x0000000088600000| Untracked 
|  81|0x0000000088700000, 0x0000000088700000, 0x0000000088800000|  0%| F|  |TAMS 0x0000000088700000| PB 0x0000000088700000| Untracked 
|  82|0x0000000088800000, 0x0000000088800000, 0x0000000088900000|  0%| F|  |TAMS 0x0000000088800000| PB 0x0000000088800000| Untracked 
|  83|0x0000000088900000, 0x0000000088900000, 0x0000000088a00000|  0%| F|  |TAMS 0x0000000088900000| PB 0x0000000088900000| Untracked 
|  84|0x0000000088a00000, 0x0000000088a00000, 0x0000000088b00000|  0%| F|  |TAMS 0x0000000088a00000| PB 0x0000000088a00000| Untracked 
|  85|0x0000000088b00000, 0x0000000088b00000, 0x0000000088c00000|  0%| F|  |TAMS 0x0000000088b00000| PB 0x0000000088b00000| Untracked 
|  86|0x0000000088c00000, 0x0000000088c00000, 0x0000000088d00000|  0%| F|  |TAMS 0x0000000088c00000| PB 0x0000000088c00000| Untracked 
|  87|0x0000000088d00000, 0x0000000088d00000, 0x0000000088e00000|  0%| F|  |TAMS 0x0000000088d00000| PB 0x0000000088d00000| Untracked 
|  88|0x0000000088e00000, 0x0000000088e00000, 0x0000000088f00000|  0%| F|  |TAMS 0x0000000088e00000| PB 0x0000000088e00000| Untracked 
|  89|0x0000000088f00000, 0x0000000088f00000, 0x0000000089000000|  0%| F|  |TAMS 0x0000000088f00000| PB 0x0000000088f00000| Untracked 
|  90|0x0000000089000000, 0x0000000089000000, 0x0000000089100000|  0%| F|  |TAMS 0x0000000089000000| PB 0x0000000089000000| Untracked 
|  91|0x0000000089100000, 0x0000000089100000, 0x0000000089200000|  0%| F|  |TAMS 0x0000000089100000| PB 0x0000000089100000| Untracked 
|  92|0x0000000089200000, 0x0000000089200000, 0x0000000089300000|  0%| F|  |TAMS 0x0000000089200000| PB 0x0000000089200000| Untracked 
|  93|0x0000000089300000, 0x0000000089300000, 0x0000000089400000|  0%| F|  |TAMS 0x0000000089300000| PB 0x0000000089300000| Untracked 
|  94|0x0000000089400000, 0x0000000089400000, 0x0000000089500000|  0%| F|  |TAMS 0x0000000089400000| PB 0x0000000089400000| Untracked 
|  95|0x0000000089500000, 0x0000000089500000, 0x0000000089600000|  0%| F|  |TAMS 0x0000000089500000| PB 0x0000000089500000| Untracked 
|  96|0x0000000089600000, 0x0000000089600000, 0x0000000089700000|  0%| F|  |TAMS 0x0000000089600000| PB 0x0000000089600000| Untracked 
|  97|0x0000000089700000, 0x0000000089700000, 0x0000000089800000|  0%| F|  |TAMS 0x0000000089700000| PB 0x0000000089700000| Untracked 
|  98|0x0000000089800000, 0x0000000089800000, 0x0000000089900000|  0%| F|  |TAMS 0x0000000089800000| PB 0x0000000089800000| Untracked 
|  99|0x0000000089900000, 0x0000000089900000, 0x0000000089a00000|  0%| F|  |TAMS 0x0000000089900000| PB 0x0000000089900000| Untracked 
| 100|0x0000000089a00000, 0x0000000089a00000, 0x0000000089b00000|  0%| F|  |TAMS 0x0000000089a00000| PB 0x0000000089a00000| Untracked 
| 101|0x0000000089b00000, 0x0000000089b00000, 0x0000000089c00000|  0%| F|  |TAMS 0x0000000089b00000| PB 0x0000000089b00000| Untracked 
| 102|0x0000000089c00000, 0x0000000089c00000, 0x0000000089d00000|  0%| F|  |TAMS 0x0000000089c00000| PB 0x0000000089c00000| Untracked 
| 103|0x0000000089d00000, 0x0000000089d00000, 0x0000000089e00000|  0%| F|  |TAMS 0x0000000089d00000| PB 0x0000000089d00000| Untracked 
| 104|0x0000000089e00000, 0x0000000089e00000, 0x0000000089f00000|  0%| F|  |TAMS 0x0000000089e00000| PB 0x0000000089e00000| Untracked 
| 105|0x0000000089f00000, 0x0000000089f00000, 0x000000008a000000|  0%| F|  |TAMS 0x0000000089f00000| PB 0x0000000089f00000| Untracked 
| 106|0x000000008a000000, 0x000000008a000000, 0x000000008a100000|  0%| F|  |TAMS 0x000000008a000000| PB 0x000000008a000000| Untracked 
| 107|0x000000008a100000, 0x000000008a100000, 0x000000008a200000|  0%| F|  |TAMS 0x000000008a100000| PB 0x000000008a100000| Untracked 
| 108|0x000000008a200000, 0x000000008a200000, 0x000000008a300000|  0%| F|  |TAMS 0x000000008a200000| PB 0x000000008a200000| Untracked 
| 109|0x000000008a300000, 0x000000008a300000, 0x000000008a400000|  0%| F|  |TAMS 0x000000008a300000| PB 0x000000008a300000| Untracked 
| 110|0x000000008a400000, 0x000000008a400000, 0x000000008a500000|  0%| F|  |TAMS 0x000000008a400000| PB 0x000000008a400000| Untracked 
| 111|0x000000008a500000, 0x000000008a500000, 0x000000008a600000|  0%| F|  |TAMS 0x000000008a500000| PB 0x000000008a500000| Untracked 
| 112|0x000000008a600000, 0x000000008a600000, 0x000000008a700000|  0%| F|  |TAMS 0x000000008a600000| PB 0x000000008a600000| Untracked 
| 113|0x000000008a700000, 0x000000008a700000, 0x000000008a800000|  0%| F|  |TAMS 0x000000008a700000| PB 0x000000008a700000| Untracked 
| 114|0x000000008a800000, 0x000000008a800000, 0x000000008a900000|  0%| F|  |TAMS 0x000000008a800000| PB 0x000000008a800000| Untracked 
| 115|0x000000008a900000, 0x000000008a900000, 0x000000008aa00000|  0%| F|  |TAMS 0x000000008a900000| PB 0x000000008a900000| Untracked 
| 116|0x000000008aa00000, 0x000000008aa00000, 0x000000008ab00000|  0%| F|  |TAMS 0x000000008aa00000| PB 0x000000008aa00000| Untracked 
| 117|0x000000008ab00000, 0x000000008ab00000, 0x000000008ac00000|  0%| F|  |TAMS 0x000000008ab00000| PB 0x000000008ab00000| Untracked 
| 118|0x000000008ac00000, 0x000000008ac00000, 0x000000008ad00000|  0%| F|  |TAMS 0x000000008ac00000| PB 0x000000008ac00000| Untracked 
| 119|0x000000008ad00000, 0x000000008ad00000, 0x000000008ae00000|  0%| F|  |TAMS 0x000000008ad00000| PB 0x000000008ad00000| Untracked 
| 120|0x000000008ae00000, 0x000000008ae00000, 0x000000008af00000|  0%| F|  |TAMS 0x000000008ae00000| PB 0x000000008ae00000| Untracked 
| 121|0x000000008af00000, 0x000000008af00000, 0x000000008b000000|  0%| F|  |TAMS 0x000000008af00000| PB 0x000000008af00000| Untracked 
| 122|0x000000008b000000, 0x000000008b000000, 0x000000008b100000|  0%| F|  |TAMS 0x000000008b000000| PB 0x000000008b000000| Untracked 
| 123|0x000000008b100000, 0x000000008b100000, 0x000000008b200000|  0%| F|  |TAMS 0x000000008b100000| PB 0x000000008b100000| Untracked 
| 124|0x000000008b200000, 0x000000008b2ec128, 0x000000008b300000| 92%| E|  |TAMS 0x000000008b200000| PB 0x000000008b200000| Complete 
| 125|0x000000008b300000, 0x000000008b400000, 0x000000008b400000|100%| E|CS|TAMS 0x000000008b300000| PB 0x000000008b300000| Complete 

Card table byte_map: [0x0000019161ec0000,0x00000191622b0000] _byte_map_base: 0x0000019161aa5000

Marking Bits: (CMBitMap*) 0x000001914a861670
 Bits: [0x00000191626a0000, 0x00000191645c8000)

Polling page: 0x0000019148640000

Metaspace:

Usage:
  Non-class:    150.06 KB used.
      Class:      6.61 KB used.
       Both:    156.67 KB used.

Virtual space:
  Non-class space:       64.00 MB reserved,     256.00 KB ( <1%) committed,  1 nodes.
      Class space:        1.00 GB reserved,     128.00 KB ( <1%) committed,  1 nodes.
             Both:        1.06 GB reserved,     384.00 KB ( <1%) committed. 

Chunk freelists:
   Non-Class:  3.99 MB
       Class:  3.75 MB
        Both:  7.74 MB

MaxMetaspaceSize: unlimited
CompressedClassSpaceSize: 1.00 GB
Initial GC threshold: 21.00 MB
Current GC threshold: 21.00 MB
CDS: on
MetaspaceReclaimPolicy: balanced
 - commit_granule_bytes: 65536.
 - commit_granule_words: 8192.
 - virtual_space_node_default_size: 8388608.
 - enlarge_chunks_in_place: 1.
 - new_chunks_are_fully_committed: 0.
 - uncommit_free_chunks: 1.
 - use_allocation_guard: 0.


Internal statistics:

num_allocs_failed_limit: 0.
num_arena_births: 4.
num_arena_deaths: 0.
num_vsnodes_births: 2.
num_vsnodes_deaths: 0.
num_space_committed: 6.
num_space_uncommitted: 0.
num_chunks_returned_to_freelist: 0.
num_chunks_taken_from_freelist: 6.
num_chunk_merges: 0.
num_chunk_splits: 3.
num_chunks_enlarged: 1.
num_inconsistent_stats: 0.

CodeHeap 'non-profiled nmethods': size=120000Kb used=13Kb max_used=13Kb free=119986Kb
 bounds [0x000001915a380000, 0x000001915a5f0000, 0x00000191618b0000]
CodeHeap 'profiled nmethods': size=120000Kb used=73Kb max_used=73Kb free=119926Kb
 bounds [0x00000191528b0000, 0x0000019152b20000, 0x0000019159de0000]
CodeHeap 'non-nmethods': size=5760Kb used=1304Kb max_used=1318Kb free=4455Kb
 bounds [0x0000019159de0000, 0x000001915a050000, 0x000001915a380000]
 total_blobs=366 nmethods=61 adapters=216
 compilation: enabled
              stopped_count=0, restarted_count=0
 full_count=0

Compilation events (20 events):
Event: 0.033 Thread 0x0000019167025620   49       1       java.lang.module.ResolvedModule::configuration (5 bytes)
Event: 0.033 Thread 0x0000019167025620 nmethod 49 0x000001915a382790 code [0x000001915a382900, 0x000001915a3829c8]
Event: 0.033 Thread 0x0000019167025620   51       1       java.lang.module.ModuleDescriptor$Exports::targets (5 bytes)
Event: 0.033 Thread 0x0000019167025620 nmethod 51 0x000001915a382a90 code [0x000001915a382c00, 0x000001915a382cc8]
Event: 0.033 Thread 0x0000019167025620   53       3       java.lang.StringUTF16::getChar (60 bytes)
Event: 0.033 Thread 0x0000019167025620 nmethod 53 0x00000191528c0910 code [0x00000191528c0aa0, 0x00000191528c0c10]
Event: 0.034 Thread 0x0000019167025620   54       3       java.lang.AbstractStringBuilder::ensureCapacityInternal (39 bytes)
Event: 0.034 Thread 0x0000019167025620 nmethod 54 0x00000191528c0d10 code [0x00000191528c0ec0, 0x00000191528c10e8]
Event: 0.034 Thread 0x0000019167025620   55       3       java.lang.AbstractStringBuilder::isLatin1 (19 bytes)
Event: 0.034 Thread 0x0000019167025620 nmethod 55 0x00000191528c1210 code [0x00000191528c13a0, 0x00000191528c1520]
Event: 0.034 Thread 0x0000019167025620   56       3       java.lang.StringLatin1::canEncode (13 bytes)
Event: 0.034 Thread 0x0000019167025620 nmethod 56 0x00000191528c1590 code [0x00000191528c1720, 0x00000191528c1870]
Event: 0.034 Thread 0x0000019167025620   57       3       java.lang.String::isEmpty (14 bytes)
Event: 0.034 Thread 0x0000019167025620 nmethod 57 0x00000191528c1910 code [0x00000191528c1aa0, 0x00000191528c1c18]
Event: 0.038 Thread 0x0000019167027a40   59       4       java.lang.StringLatin1::hashCode (42 bytes)
Event: 0.038 Thread 0x0000019167025620   60       3       java.lang.Math::min (11 bytes)
Event: 0.038 Thread 0x0000019167025620 nmethod 60 0x00000191528c1d10 code [0x00000191528c1ea0, 0x00000191528c1fe0]
Event: 0.038 Thread 0x0000019167025620   61       3       java.lang.StringLatin1::indexOfChar (33 bytes)
Event: 0.038 Thread 0x0000019167025620 nmethod 61 0x00000191528c2090 code [0x00000191528c2220, 0x00000191528c2458]
Event: 0.040 Thread 0x0000019167027a40 nmethod 59 0x000001915a383190 code [0x000001915a383300, 0x000001915a383478]

GC Heap History (0 events):
No events

Dll operation events (3 events):
Event: 0.006 Loaded shared library C:\Program Files\Java\jdk-20\bin\java.dll
Event: 0.013 Loaded shared library C:\Program Files\Java\jdk-20\bin\jsvml.dll
Event: 0.051 Loaded shared library C:\Users\Daniel\Visual Studio Code Projects\Graphiti_API_Library_0_1\binding\jgraphiti\libGraphitiJNI.dll

Deoptimization events (0 events):
No events

Classes loaded (10 events):
Event: 0.020 Loading class sun/nio/cs/IBM437
Event: 0.021 Loading class sun/nio/cs/IBM437 done
Event: 0.021 Loading class sun/nio/cs/IBM437$Holder
Event: 0.021 Loading class sun/nio/cs/IBM437$Holder done
Event: 0.034 Loading class jdk/internal/loader/URLClassPath$FileLoader
Event: 0.034 Loading class jdk/internal/loader/URLClassPath$FileLoader done
Event: 0.034 Loading class sun/nio/cs/UTF_8$Decoder
Event: 0.034 Loading class sun/nio/cs/UTF_8$Decoder done
Event: 0.034 Loading class jdk/internal/loader/URLClassPath$FileLoader$1
Event: 0.034 Loading class jdk/internal/loader/URLClassPath$FileLoader$1 done

Classes unloaded (0 events):
No events

Classes redefined (0 events):
No events

Internal exceptions (0 events):
No events

VM Operations (2 events):
Event: 1.016 Executing VM operation: Cleanup
Event: 1.017 Executing VM operation: Cleanup done

Events (11 events):
Event: 0.013 Thread 0x000001914a800b40 Thread added: 0x000001914a800b40
Event: 0.022 Thread 0x0000019167015810 Thread added: 0x0000019167015810
Event: 0.022 Thread 0x0000019167016350 Thread added: 0x0000019167016350
Event: 0.022 Thread 0x000001916701adb0 Thread added: 0x000001916701adb0
Event: 0.022 Thread 0x000001916701b950 Thread added: 0x000001916701b950
Event: 0.022 Thread 0x000001916701ceb0 Thread added: 0x000001916701ceb0
Event: 0.022 Thread 0x000001916701dea0 Thread added: 0x000001916701dea0
Event: 0.022 Thread 0x0000019167027a40 Thread added: 0x0000019167027a40
Event: 0.022 Thread 0x0000019167025620 Thread added: 0x0000019167025620
Event: 0.033 Thread 0x000001916701c960 Thread added: 0x000001916701c960
Event: 0.036 Thread 0x000001916701ee90 Thread added: 0x000001916701ee90


Dynamic libraries:
0x00007ff74bac0000 - 0x00007ff74bad0000 	C:\Program Files\Java\jdk-20\bin\java.exe
0x00007fff5b680000 - 0x00007fff5b8e7000 	C:\WINDOWS\SYSTEM32\ntdll.dll
0x00007fff59930000 - 0x00007fff599f9000 	C:\WINDOWS\System32\KERNEL32.DLL
0x00007fff58d40000 - 0x00007fff59130000 	C:\WINDOWS\System32\KERNELBASE.dll
0x00007fff59140000 - 0x00007fff5928b000 	C:\WINDOWS\System32\ucrtbase.dll
0x00007fff3fab0000 - 0x00007fff3facb000 	C:\Program Files\Java\jdk-20\bin\VCRUNTIME140.dll
0x00007fff3fa90000 - 0x00007fff3faa9000 	C:\Program Files\Java\jdk-20\bin\jli.dll
0x00007fff597f0000 - 0x00007fff598a4000 	C:\WINDOWS\System32\ADVAPI32.dll
0x00007fff59530000 - 0x00007fff595d9000 	C:\WINDOWS\System32\msvcrt.dll
0x00007fff5a1b0000 - 0x00007fff5a256000 	C:\WINDOWS\System32\sechost.dll
0x00007fff59410000 - 0x00007fff59528000 	C:\WINDOWS\System32\RPCRT4.dll
0x00007fff5ad20000 - 0x00007fff5aee5000 	C:\WINDOWS\System32\USER32.dll
0x00007fff587b0000 - 0x00007fff587d7000 	C:\WINDOWS\System32\win32u.dll
0x00007fff3e5e0000 - 0x00007fff3e87a000 	C:\WINDOWS\WinSxS\amd64_microsoft.windows.common-controls_6595b64144ccf1df_6.0.26100.4768_none_3e0c112ce331287c\COMCTL32.dll
0x00007fff5a040000 - 0x00007fff5a06b000 	C:\WINDOWS\System32\GDI32.dll
0x00007fff58920000 - 0x00007fff58a58000 	C:\WINDOWS\System32\gdi32full.dll
0x00007fff587e0000 - 0x00007fff58883000 	C:\WINDOWS\System32\msvcp_win.dll
0x00007fff50f60000 - 0x00007fff50f6b000 	C:\WINDOWS\SYSTEM32\VERSION.dll
0x00007fff59af0000 - 0x00007fff59b1f000 	C:\WINDOWS\System32\IMM32.DLL
0x00007fff41fa0000 - 0x00007fff41fac000 	C:\Program Files\Java\jdk-20\bin\vcruntime140_1.dll
0x00007ffee99f0000 - 0x00007ffee9a7e000 	C:\Program Files\Java\jdk-20\bin\msvcp140.dll
0x00007ffe98da0000 - 0x00007ffe99a37000 	C:\Program Files\Java\jdk-20\bin\server\jvm.dll
0x00007fff4c230000 - 0x00007fff4c265000 	C:\WINDOWS\SYSTEM32\WINMM.dll
0x00007fff3f760000 - 0x00007fff3f76a000 	C:\WINDOWS\SYSTEM32\WSOCK32.dll
0x00007fff5a120000 - 0x00007fff5a194000 	C:\WINDOWS\System32\WS2_32.dll
0x00007fff57500000 - 0x00007fff5751b000 	C:\WINDOWS\SYSTEM32\kernel.appcore.dll
0x00007fff40b50000 - 0x00007fff40b5a000 	C:\Program Files\Java\jdk-20\bin\jimage.dll
0x00007fff55dc0000 - 0x00007fff56001000 	C:\WINDOWS\SYSTEM32\DBGHELP.DLL
0x00007fff5aef0000 - 0x00007fff5b275000 	C:\WINDOWS\System32\combase.dll
0x00007fff59a00000 - 0x00007fff59ae0000 	C:\WINDOWS\System32\OLEAUT32.dll
0x00007fff25f60000 - 0x00007fff25fa3000 	C:\WINDOWS\SYSTEM32\dbgcore.DLL
0x00007fff58a60000 - 0x00007fff58af9000 	C:\WINDOWS\System32\bcryptPrimitives.dll
0x00007fff16be0000 - 0x00007fff16c06000 	C:\Program Files\Java\jdk-20\bin\java.dll
0x00007ffee9910000 - 0x00007ffee99e7000 	C:\Program Files\Java\jdk-20\bin\jsvml.dll
0x00007fff5a4c0000 - 0x00007fff5ac0d000 	C:\WINDOWS\System32\SHELL32.dll
0x00007fff58b00000 - 0x00007fff58c73000 	C:\WINDOWS\System32\wintypes.dll
0x00007fff56350000 - 0x00007fff56baf000 	C:\WINDOWS\SYSTEM32\windows.storage.dll
0x00007fff5ac20000 - 0x00007fff5ad15000 	C:\WINDOWS\System32\SHCORE.dll
0x00007fff59780000 - 0x00007fff597ea000 	C:\WINDOWS\System32\shlwapi.dll
0x00007fff586d0000 - 0x00007fff586f9000 	C:\WINDOWS\SYSTEM32\profapi.dll
0x00007fff16500000 - 0x00007fff16522000 	C:\Users\Daniel\Visual Studio Code Projects\Graphiti_API_Library_0_1\binding\jgraphiti\libGraphitiJNI.dll
0x00007ffed8ed0000 - 0x00007ffed9126000 	C:\msys64\mingw64\bin\libstdc++-6.dll
0x00007fff11310000 - 0x00007fff1133b000 	C:\msys64\mingw64\bin\libgcc_s_seh-1.dll
0x00007fff04b30000 - 0x00007fff04b6f000 	C:\Users\Daniel\graphiti\bin\libGraphiti.dll
0x00007fff164e0000 - 0x00007fff164f6000 	C:\msys64\mingw64\bin\libwinpthread-1.dll
0x00007fff57da0000 - 0x00007fff57dac000 	C:\WINDOWS\SYSTEM32\CRYPTBASE.DLL

dbghelp: loaded successfully - version: 4.0.5 - missing functions: none
symbol engine: initialized successfully - sym options: 0x614 - pdb path: .;C:\Program Files\Java\jdk-20\bin;C:\WINDOWS\SYSTEM32;C:\WINDOWS\WinSxS\amd64_microsoft.windows.common-controls_6595b64144ccf1df_6.0.26100.4768_none_3e0c112ce331287c;C:\Program Files\Java\jdk-20\bin\server;C:\Users\Daniel\Visual Studio Code Projects\Graphiti_API_Library_0_1\binding\jgraphiti;C:\msys64\mingw64\bin;C:\Users\Daniel\graphiti\bin

VM Arguments:
jvm_args: -Djava.library.path=binding/jgraphiti 
java_command: binding.examplej.Main
java_class_path (initial): .
Launcher Type: SUN_STANDARD

[Global flags]
     intx CICompilerCount                          = 4                                         {product} {ergonomic}
     uint ConcGCThreads                            = 2                                         {product} {ergonomic}
     uint G1ConcRefinementThreads                  = 8                                         {product} {ergonomic}
   size_t G1HeapRegionSize                         = 1048576                                   {product} {ergonomic}
    uintx GCDrainStackTargetSize                   = 64                                        {product} {ergonomic}
   size_t InitialHeapSize                          = 132120576                                 {product} {ergonomic}
   size_t MarkStackSize                            = 4194304                                   {product} {ergonomic}
   size_t MaxHeapSize                              = 2090860544                                {product} {ergonomic}
   size_t MaxNewSize                               = 1254096896                                {product} {ergonomic}
   size_t MinHeapDeltaBytes                        = 1048576                                   {product} {ergonomic}
   size_t MinHeapSize                              = 8388608                                   {product} {ergonomic}
    uintx NonNMethodCodeHeapSize                   = 5839372                                {pd product} {ergonomic}
    uintx NonProfiledCodeHeapSize                  = 122909434                              {pd product} {ergonomic}
    uintx ProfiledCodeHeapSize                     = 122909434                              {pd product} {ergonomic}
    uintx ReservedCodeCacheSize                    = 251658240                              {pd product} {ergonomic}
     bool SegmentedCodeCache                       = true                                      {product} {ergonomic}
   size_t SoftMaxHeapSize                          = 2090860544                             {manageable} {ergonomic}
     bool UseCompressedClassPointers               = true                           {product lp64_product} {ergonomic}
     bool UseCompressedOops                        = true                           {product lp64_product} {ergonomic}
     bool UseG1GC                                  = true                                      {product} {ergonomic}
     bool UseLargePagesIndividualAllocation        = false                                  {pd product} {ergonomic}

Logging:
Log output configuration:
 #0: stdout all=warning uptime,level,tags foldmultilines=false
 #1: stderr all=off uptime,level,tags foldmultilines=false

Environment Variables:
JAVA_HOME=C:\Program Files\Java\jdk-20
PATH=C:\tools\ninja;C:\Python312\Lib\site-packages\ninja;C:\Program Files (x86)\NVIDIA Corporation\PhysX\Common;C:\Users\sneha\AppData\Local\Programs\Python\Python312\;C:\Users\sneha\AppData\Local\Programs\Python\Python312\Scripts;C:\Python312\;C:\Python312\Scripts\;C:\Program Files (x86)\Microsoft SDKs\Azure\CLI2\wbin;C:\Program Files\Common Files\Oracle\Java\javapath;C:\Windows\System32;C:\Windows;C:\Windows\System32\wbem;C:\Windows\System32\WindowsPowerShell\v1.0\;C:\Windows\System32\OpenSSH\;C:\Program Files\Java\jdk-20\bin;C:\Program Files\apache-maven-3.9.3\bin;C:\Program Files\Git\cmd;C:\Program Files\dotnet\;C:\Program Files (x86)\WiX Toolset v3.11\bin;C:\Program Files\PuTTY\;C:\ProgramData\chocolatey\bin;C:\Program Files (x86)\GnuPG\bin;C:\Program Files\nodejs\;C:\Program Files\nodejs\node_modules\npm;C:\Program Files (x86)\Windows Kits\8.1\Windows Performance Toolkit\;C:\Program Files\CMake\bin;C:\Program Files (x86)\Windows Kits\10\Windows Performance Toolkit\;C:\msys64\mingw64\bin;;C:\Program Files\doxygen\bin;C:\Users\Daniel\AppData\Local\Programs\Python\Python311\;C:\Users\Daniel\AppData\Local\Programs\Python\Python311\Scripts\;C:\tools\ninja;C:\Python312\Lib\site-packages\ninja;C:\Program Files (x86)\NVIDIA Corporation\PhysX\Common;C:\Users\sneha\AppData\Local\Programs\Python\Python312\;C:\Users\sneha\AppData\Local\Programs\Python\Python312\Scripts;C:\Python312\;C:\Python312\Scripts\;C:\Program Files (x86)\Microsoft SDKs\Azure\CLI2\wbin;C:\Program Files\Common Files\Oracle\Java\javapath;C:\Windows\System32;C:\Windows;C:\Windows\System32\wbem;C:\Windows\System32\WindowsPowerShell\v1.0\;C:\Windows\System32\OpenSSH\;C:\Program Files\Java\jdk-20\bin;C:\Program Files\apache-maven-3.9.3\bin;C:\Program Files\Git\cmd;C:\Program Files\dotnet\;C:\Program Files (x86)\WiX Toolset v3.11\bin;C:\Program Files\PuTTY\;C:\ProgramData\chocolatey\bin;C:\Program Files (x86)\GnuPG\bin;C:\Program Files\nodejs\;C:\Program Files\nodejs\node_modules\npm;C:\Program Files (x86)\Windows Kits\8.1\Windows Performance Toolkit\;C:\Program Files\CMake\bin;C:\Program Files (x86)\Windows Kits\10\Windows Performance Toolkit\;C:\msys64\mingw64\bin;;C:\Program Files\doxygen\bin;;C:\Python311\Scripts\;C:\Users\Daniel\AppData\Local\Programs\Microsoft VS Code\bin;C:\Users\Daniel\vcpkg\;C:\Users\Daniel\graphiti\bin;C:\Users\Daniel\AppData\Local\Programs\MiKTeX\miktex\bin\x64\;c:\Users\Daniel\.vscode\extensions\ms-python.debugpy-2025.10.0-win32-x64\bundled\scripts\noConfigScripts
USERNAME=Daniel
LANG=en_US.UTF-8
OS=Windows_NT
PROCESSOR_IDENTIFIER=Intel64 Family 6 Model 140 Stepping 1, GenuineIntel
TMP=C:\Users\Daniel\AppData\Local\Temp
TEMP=C:\Users\Daniel\AppData\Local\Temp




---------------  S Y S T E M  ---------------

OS:
 Windows 11 , 64 bit Build 26100 (10.0.26100.4768)
OS uptime: 9 days 19:25 hours
Hyper-V role detected

CPU: total 8 (initial active 8) (4 cores per cpu, 2 threads per core) family 6 model 140 stepping 1 microcode 0xa6, cx8, cmov, fxsr, ht, mmx, 3dnowpref, sse, sse2, sse3, ssse3, sse4.1, sse4.2, popcnt, lzcnt, tsc, tscinvbit, avx, avx2, aes, erms, clmul, bmi1, bmi2, adx, avx512f, avx512dq, avx512cd, avx512bw, avx512vl, sha, fma, vzeroupper, avx512_vpopcntdq, avx512_vpclmulqdq, avx512_vaes, avx512_vnni, clflush, clflushopt, clwb, avx512_vbmi2, avx512_vbmi, hv, rdtscp, rdpid, fsrm, gfni, avx512_bitalg, f16c, cet_ibt, cet_ss, avx512_ifma

Memory: 4k page, system-wide physical 7975M (1232M free)
TotalPageFile size 19137M (AvailPageFile size 6614M)
current process WorkingSet (physical memory assigned to process): 30M, peak: 30M
current process commit charge ("private bytes"): 206M, peak: 206M

vm_info: Java HotSpot(TM) 64-Bit Server VM (20.0.1+9-29) for windows-amd64 JRE (20.0.1+9-29), built on 2023-03-07T13:56:11Z by "mach5one" with MS VC++ 17.1 (VS2022)

END.
